[2024-09-16T03:17:42.216+0000] {processor.py:161} INFO - Started process (PID=235) to work on /opt/airflow/dags/P2M3_Intan_DAG.py
[2024-09-16T03:17:42.218+0000] {processor.py:830} INFO - Processing file /opt/airflow/dags/P2M3_Intan_DAG.py for tasks to queue
[2024-09-16T03:17:42.219+0000] {logging_mixin.py:188} INFO - [2024-09-16T03:17:42.219+0000] {dagbag.py:540} INFO - Filling up the DagBag from /opt/airflow/dags/P2M3_Intan_DAG.py
[2024-09-16T03:17:44.475+0000] {processor.py:840} INFO - DAG(s) 'P2M3_student_DAG_hck' retrieved from /opt/airflow/dags/P2M3_Intan_DAG.py
[2024-09-16T03:17:44.876+0000] {logging_mixin.py:188} INFO - [2024-09-16T03:17:44.875+0000] {dag.py:3047} INFO - Sync 1 DAGs
[2024-09-16T03:17:45.066+0000] {logging_mixin.py:188} INFO - [2024-09-16T03:17:45.065+0000] {dag.py:3834} INFO - Setting next_dagrun for P2M3_student_DAG_hck to 2024-09-14 06:30:00+00:00, run_after=2024-09-15 06:30:00+00:00
[2024-09-16T03:17:45.126+0000] {processor.py:183} INFO - Processing /opt/airflow/dags/P2M3_Intan_DAG.py took 2.918 seconds
[2024-09-16T03:18:15.798+0000] {processor.py:161} INFO - Started process (PID=241) to work on /opt/airflow/dags/P2M3_Intan_DAG.py
[2024-09-16T03:18:15.808+0000] {processor.py:830} INFO - Processing file /opt/airflow/dags/P2M3_Intan_DAG.py for tasks to queue
[2024-09-16T03:18:15.965+0000] {logging_mixin.py:188} INFO - [2024-09-16T03:18:15.839+0000] {dagbag.py:540} INFO - Filling up the DagBag from /opt/airflow/dags/P2M3_Intan_DAG.py
[2024-09-16T03:18:18.280+0000] {processor.py:840} INFO - DAG(s) 'P2M3_student_DAG_hck' retrieved from /opt/airflow/dags/P2M3_Intan_DAG.py
[2024-09-16T03:18:18.373+0000] {logging_mixin.py:188} INFO - [2024-09-16T03:18:18.372+0000] {dag.py:3047} INFO - Sync 1 DAGs
[2024-09-16T03:18:18.549+0000] {logging_mixin.py:188} INFO - [2024-09-16T03:18:18.549+0000] {dag.py:3834} INFO - Setting next_dagrun for P2M3_student_DAG_hck to 2024-09-14 06:30:00+00:00, run_after=2024-09-15 06:30:00+00:00
[2024-09-16T03:18:18.602+0000] {processor.py:183} INFO - Processing /opt/airflow/dags/P2M3_Intan_DAG.py took 2.833 seconds
[2024-09-16T03:18:49.724+0000] {processor.py:161} INFO - Started process (PID=247) to work on /opt/airflow/dags/P2M3_Intan_DAG.py
[2024-09-16T03:18:49.727+0000] {processor.py:830} INFO - Processing file /opt/airflow/dags/P2M3_Intan_DAG.py for tasks to queue
[2024-09-16T03:18:49.743+0000] {logging_mixin.py:188} INFO - [2024-09-16T03:18:49.729+0000] {dagbag.py:540} INFO - Filling up the DagBag from /opt/airflow/dags/P2M3_Intan_DAG.py
[2024-09-16T03:18:52.088+0000] {processor.py:840} INFO - DAG(s) 'P2M3_student_DAG_hck' retrieved from /opt/airflow/dags/P2M3_Intan_DAG.py
[2024-09-16T03:18:52.267+0000] {logging_mixin.py:188} INFO - [2024-09-16T03:18:52.266+0000] {dag.py:3047} INFO - Sync 1 DAGs
[2024-09-16T03:18:52.341+0000] {logging_mixin.py:188} INFO - [2024-09-16T03:18:52.338+0000] {dag.py:3834} INFO - Setting next_dagrun for P2M3_student_DAG_hck to 2024-09-14 06:30:00+00:00, run_after=2024-09-15 06:30:00+00:00
[2024-09-16T03:18:52.399+0000] {processor.py:183} INFO - Processing /opt/airflow/dags/P2M3_Intan_DAG.py took 2.777 seconds
[2024-09-16T03:19:23.379+0000] {processor.py:161} INFO - Started process (PID=253) to work on /opt/airflow/dags/P2M3_Intan_DAG.py
[2024-09-16T03:19:23.384+0000] {processor.py:830} INFO - Processing file /opt/airflow/dags/P2M3_Intan_DAG.py for tasks to queue
[2024-09-16T03:19:23.391+0000] {logging_mixin.py:188} INFO - [2024-09-16T03:19:23.386+0000] {dagbag.py:540} INFO - Filling up the DagBag from /opt/airflow/dags/P2M3_Intan_DAG.py
[2024-09-16T03:19:25.696+0000] {processor.py:840} INFO - DAG(s) 'P2M3_student_DAG_hck' retrieved from /opt/airflow/dags/P2M3_Intan_DAG.py
[2024-09-16T03:19:25.820+0000] {logging_mixin.py:188} INFO - [2024-09-16T03:19:25.820+0000] {dag.py:3047} INFO - Sync 1 DAGs
[2024-09-16T03:19:39.637+0000] {logging_mixin.py:188} INFO - [2024-09-16T03:19:39.636+0000] {dag.py:3834} INFO - Setting next_dagrun for P2M3_student_DAG_hck to 2024-09-14 06:30:00+00:00, run_after=2024-09-15 06:30:00+00:00
[2024-09-16T03:19:39.753+0000] {processor.py:183} INFO - Processing /opt/airflow/dags/P2M3_Intan_DAG.py took 16.398 seconds
[2024-09-16T03:20:10.629+0000] {processor.py:161} INFO - Started process (PID=259) to work on /opt/airflow/dags/P2M3_Intan_DAG.py
[2024-09-16T03:20:10.633+0000] {processor.py:830} INFO - Processing file /opt/airflow/dags/P2M3_Intan_DAG.py for tasks to queue
[2024-09-16T03:20:10.648+0000] {logging_mixin.py:188} INFO - [2024-09-16T03:20:10.644+0000] {dagbag.py:540} INFO - Filling up the DagBag from /opt/airflow/dags/P2M3_Intan_DAG.py
[2024-09-16T03:20:12.111+0000] {processor.py:840} INFO - DAG(s) 'P2M3_student_DAG_hck' retrieved from /opt/airflow/dags/P2M3_Intan_DAG.py
[2024-09-16T03:20:12.197+0000] {logging_mixin.py:188} INFO - [2024-09-16T03:20:12.196+0000] {dag.py:3047} INFO - Sync 1 DAGs
[2024-09-16T03:20:12.250+0000] {logging_mixin.py:188} INFO - [2024-09-16T03:20:12.250+0000] {dag.py:3834} INFO - Setting next_dagrun for P2M3_student_DAG_hck to 2024-09-14 06:30:00+00:00, run_after=2024-09-15 06:30:00+00:00
[2024-09-16T03:20:12.306+0000] {processor.py:183} INFO - Processing /opt/airflow/dags/P2M3_Intan_DAG.py took 1.698 seconds
[2024-09-16T03:20:42.646+0000] {processor.py:161} INFO - Started process (PID=265) to work on /opt/airflow/dags/P2M3_Intan_DAG.py
[2024-09-16T03:20:42.648+0000] {processor.py:830} INFO - Processing file /opt/airflow/dags/P2M3_Intan_DAG.py for tasks to queue
[2024-09-16T03:20:42.650+0000] {logging_mixin.py:188} INFO - [2024-09-16T03:20:42.649+0000] {dagbag.py:540} INFO - Filling up the DagBag from /opt/airflow/dags/P2M3_Intan_DAG.py
[2024-09-16T03:20:43.759+0000] {processor.py:840} INFO - DAG(s) 'P2M3_student_DAG_hck' retrieved from /opt/airflow/dags/P2M3_Intan_DAG.py
[2024-09-16T03:20:43.850+0000] {logging_mixin.py:188} INFO - [2024-09-16T03:20:43.850+0000] {dag.py:3047} INFO - Sync 1 DAGs
[2024-09-16T03:20:43.918+0000] {logging_mixin.py:188} INFO - [2024-09-16T03:20:43.917+0000] {dag.py:3834} INFO - Setting next_dagrun for P2M3_student_DAG_hck to 2024-09-14 06:30:00+00:00, run_after=2024-09-15 06:30:00+00:00
[2024-09-16T03:20:44.055+0000] {processor.py:183} INFO - Processing /opt/airflow/dags/P2M3_Intan_DAG.py took 1.414 seconds
[2024-09-16T03:21:14.135+0000] {processor.py:161} INFO - Started process (PID=271) to work on /opt/airflow/dags/P2M3_Intan_DAG.py
[2024-09-16T03:21:14.136+0000] {processor.py:830} INFO - Processing file /opt/airflow/dags/P2M3_Intan_DAG.py for tasks to queue
[2024-09-16T03:21:14.138+0000] {logging_mixin.py:188} INFO - [2024-09-16T03:21:14.138+0000] {dagbag.py:540} INFO - Filling up the DagBag from /opt/airflow/dags/P2M3_Intan_DAG.py
[2024-09-16T03:21:16.024+0000] {processor.py:840} INFO - DAG(s) 'P2M3_student_DAG_hck' retrieved from /opt/airflow/dags/P2M3_Intan_DAG.py
[2024-09-16T03:21:16.117+0000] {logging_mixin.py:188} INFO - [2024-09-16T03:21:16.115+0000] {dag.py:3047} INFO - Sync 1 DAGs
[2024-09-16T03:21:17.848+0000] {logging_mixin.py:188} INFO - [2024-09-16T03:21:17.848+0000] {dag.py:3834} INFO - Setting next_dagrun for P2M3_student_DAG_hck to 2024-09-14 06:30:00+00:00, run_after=2024-09-15 06:30:00+00:00
[2024-09-16T03:21:17.888+0000] {processor.py:183} INFO - Processing /opt/airflow/dags/P2M3_Intan_DAG.py took 3.758 seconds
[2024-09-16T03:21:48.288+0000] {processor.py:161} INFO - Started process (PID=277) to work on /opt/airflow/dags/P2M3_Intan_DAG.py
[2024-09-16T03:21:48.289+0000] {processor.py:830} INFO - Processing file /opt/airflow/dags/P2M3_Intan_DAG.py for tasks to queue
[2024-09-16T03:21:48.292+0000] {logging_mixin.py:188} INFO - [2024-09-16T03:21:48.291+0000] {dagbag.py:540} INFO - Filling up the DagBag from /opt/airflow/dags/P2M3_Intan_DAG.py
[2024-09-16T03:21:50.612+0000] {processor.py:840} INFO - DAG(s) 'P2M3_student_DAG_hck' retrieved from /opt/airflow/dags/P2M3_Intan_DAG.py
[2024-09-16T03:21:51.196+0000] {logging_mixin.py:188} INFO - [2024-09-16T03:21:51.196+0000] {dag.py:3047} INFO - Sync 1 DAGs
[2024-09-16T03:21:51.240+0000] {logging_mixin.py:188} INFO - [2024-09-16T03:21:51.240+0000] {dag.py:3834} INFO - Setting next_dagrun for P2M3_student_DAG_hck to 2024-09-14 06:30:00+00:00, run_after=2024-09-15 06:30:00+00:00
[2024-09-16T03:21:51.278+0000] {processor.py:183} INFO - Processing /opt/airflow/dags/P2M3_Intan_DAG.py took 2.998 seconds
[2024-09-16T03:22:21.567+0000] {processor.py:161} INFO - Started process (PID=283) to work on /opt/airflow/dags/P2M3_Intan_DAG.py
[2024-09-16T03:22:21.569+0000] {processor.py:830} INFO - Processing file /opt/airflow/dags/P2M3_Intan_DAG.py for tasks to queue
[2024-09-16T03:22:21.571+0000] {logging_mixin.py:188} INFO - [2024-09-16T03:22:21.570+0000] {dagbag.py:540} INFO - Filling up the DagBag from /opt/airflow/dags/P2M3_Intan_DAG.py
[2024-09-16T03:22:22.507+0000] {processor.py:840} INFO - DAG(s) 'P2M3_student_DAG_hck' retrieved from /opt/airflow/dags/P2M3_Intan_DAG.py
[2024-09-16T03:22:22.566+0000] {logging_mixin.py:188} INFO - [2024-09-16T03:22:22.565+0000] {dag.py:3047} INFO - Sync 1 DAGs
[2024-09-16T03:22:22.612+0000] {logging_mixin.py:188} INFO - [2024-09-16T03:22:22.611+0000] {dag.py:3834} INFO - Setting next_dagrun for P2M3_student_DAG_hck to 2024-09-14 06:30:00+00:00, run_after=2024-09-15 06:30:00+00:00
[2024-09-16T03:22:22.653+0000] {processor.py:183} INFO - Processing /opt/airflow/dags/P2M3_Intan_DAG.py took 1.093 seconds
[2024-09-16T03:22:53.003+0000] {processor.py:161} INFO - Started process (PID=289) to work on /opt/airflow/dags/P2M3_Intan_DAG.py
[2024-09-16T03:22:53.004+0000] {processor.py:830} INFO - Processing file /opt/airflow/dags/P2M3_Intan_DAG.py for tasks to queue
[2024-09-16T03:22:53.006+0000] {logging_mixin.py:188} INFO - [2024-09-16T03:22:53.005+0000] {dagbag.py:540} INFO - Filling up the DagBag from /opt/airflow/dags/P2M3_Intan_DAG.py
[2024-09-16T03:22:53.886+0000] {processor.py:840} INFO - DAG(s) 'P2M3_student_DAG_hck' retrieved from /opt/airflow/dags/P2M3_Intan_DAG.py
[2024-09-16T03:22:53.924+0000] {logging_mixin.py:188} INFO - [2024-09-16T03:22:53.923+0000] {dag.py:3047} INFO - Sync 1 DAGs
[2024-09-16T03:22:54.495+0000] {logging_mixin.py:188} INFO - [2024-09-16T03:22:54.494+0000] {dag.py:3834} INFO - Setting next_dagrun for P2M3_student_DAG_hck to 2024-09-14 06:30:00+00:00, run_after=2024-09-15 06:30:00+00:00
[2024-09-16T03:22:54.544+0000] {processor.py:183} INFO - Processing /opt/airflow/dags/P2M3_Intan_DAG.py took 1.546 seconds
[2024-09-16T03:23:25.084+0000] {processor.py:161} INFO - Started process (PID=295) to work on /opt/airflow/dags/P2M3_Intan_DAG.py
[2024-09-16T03:23:25.089+0000] {processor.py:830} INFO - Processing file /opt/airflow/dags/P2M3_Intan_DAG.py for tasks to queue
[2024-09-16T03:23:25.099+0000] {logging_mixin.py:188} INFO - [2024-09-16T03:23:25.095+0000] {dagbag.py:540} INFO - Filling up the DagBag from /opt/airflow/dags/P2M3_Intan_DAG.py
[2024-09-16T03:23:26.897+0000] {processor.py:840} INFO - DAG(s) 'P2M3_student_DAG_hck' retrieved from /opt/airflow/dags/P2M3_Intan_DAG.py
[2024-09-16T03:23:26.994+0000] {logging_mixin.py:188} INFO - [2024-09-16T03:23:26.988+0000] {dag.py:3047} INFO - Sync 1 DAGs
[2024-09-16T03:23:28.066+0000] {logging_mixin.py:188} INFO - [2024-09-16T03:23:28.066+0000] {dag.py:3834} INFO - Setting next_dagrun for P2M3_student_DAG_hck to 2024-09-14 06:30:00+00:00, run_after=2024-09-15 06:30:00+00:00
[2024-09-16T03:23:28.116+0000] {processor.py:183} INFO - Processing /opt/airflow/dags/P2M3_Intan_DAG.py took 3.123 seconds
[2024-09-16T03:23:58.367+0000] {processor.py:161} INFO - Started process (PID=307) to work on /opt/airflow/dags/P2M3_Intan_DAG.py
[2024-09-16T03:23:58.370+0000] {processor.py:830} INFO - Processing file /opt/airflow/dags/P2M3_Intan_DAG.py for tasks to queue
[2024-09-16T03:23:58.376+0000] {logging_mixin.py:188} INFO - [2024-09-16T03:23:58.374+0000] {dagbag.py:540} INFO - Filling up the DagBag from /opt/airflow/dags/P2M3_Intan_DAG.py
[2024-09-16T03:23:59.307+0000] {processor.py:840} INFO - DAG(s) 'P2M3_student_DAG_hck' retrieved from /opt/airflow/dags/P2M3_Intan_DAG.py
[2024-09-16T03:24:00.480+0000] {logging_mixin.py:188} INFO - [2024-09-16T03:24:00.480+0000] {dag.py:3047} INFO - Sync 1 DAGs
[2024-09-16T03:24:00.550+0000] {logging_mixin.py:188} INFO - [2024-09-16T03:24:00.550+0000] {dag.py:3834} INFO - Setting next_dagrun for P2M3_student_DAG_hck to 2024-09-15 06:30:00+00:00, run_after=2024-09-16 06:30:00+00:00
[2024-09-16T03:24:00.611+0000] {processor.py:183} INFO - Processing /opt/airflow/dags/P2M3_Intan_DAG.py took 2.285 seconds
[2024-09-16T03:24:30.752+0000] {processor.py:161} INFO - Started process (PID=316) to work on /opt/airflow/dags/P2M3_Intan_DAG.py
[2024-09-16T03:24:30.754+0000] {processor.py:830} INFO - Processing file /opt/airflow/dags/P2M3_Intan_DAG.py for tasks to queue
[2024-09-16T03:24:30.756+0000] {logging_mixin.py:188} INFO - [2024-09-16T03:24:30.756+0000] {dagbag.py:540} INFO - Filling up the DagBag from /opt/airflow/dags/P2M3_Intan_DAG.py
[2024-09-16T03:24:31.565+0000] {processor.py:840} INFO - DAG(s) 'P2M3_student_DAG_hck' retrieved from /opt/airflow/dags/P2M3_Intan_DAG.py
[2024-09-16T03:24:31.660+0000] {logging_mixin.py:188} INFO - [2024-09-16T03:24:31.659+0000] {dag.py:3047} INFO - Sync 1 DAGs
[2024-09-16T03:24:35.623+0000] {logging_mixin.py:188} INFO - [2024-09-16T03:24:35.623+0000] {dag.py:3834} INFO - Setting next_dagrun for P2M3_student_DAG_hck to 2024-09-15 06:30:00+00:00, run_after=2024-09-16 06:30:00+00:00
[2024-09-16T03:24:35.667+0000] {processor.py:183} INFO - Processing /opt/airflow/dags/P2M3_Intan_DAG.py took 4.928 seconds
[2024-09-16T03:25:05.932+0000] {processor.py:161} INFO - Started process (PID=322) to work on /opt/airflow/dags/P2M3_Intan_DAG.py
[2024-09-16T03:25:05.934+0000] {processor.py:830} INFO - Processing file /opt/airflow/dags/P2M3_Intan_DAG.py for tasks to queue
[2024-09-16T03:25:05.937+0000] {logging_mixin.py:188} INFO - [2024-09-16T03:25:05.935+0000] {dagbag.py:540} INFO - Filling up the DagBag from /opt/airflow/dags/P2M3_Intan_DAG.py
[2024-09-16T03:25:06.757+0000] {processor.py:840} INFO - DAG(s) 'P2M3_student_DAG_hck' retrieved from /opt/airflow/dags/P2M3_Intan_DAG.py
[2024-09-16T03:25:07.804+0000] {logging_mixin.py:188} INFO - [2024-09-16T03:25:07.804+0000] {dag.py:3047} INFO - Sync 1 DAGs
[2024-09-16T03:25:07.839+0000] {logging_mixin.py:188} INFO - [2024-09-16T03:25:07.839+0000] {dag.py:3834} INFO - Setting next_dagrun for P2M3_student_DAG_hck to 2024-09-15 06:30:00+00:00, run_after=2024-09-16 06:30:00+00:00
[2024-09-16T03:25:07.944+0000] {processor.py:183} INFO - Processing /opt/airflow/dags/P2M3_Intan_DAG.py took 2.017 seconds
[2024-09-16T03:25:38.432+0000] {processor.py:161} INFO - Started process (PID=328) to work on /opt/airflow/dags/P2M3_Intan_DAG.py
[2024-09-16T03:25:38.434+0000] {processor.py:830} INFO - Processing file /opt/airflow/dags/P2M3_Intan_DAG.py for tasks to queue
[2024-09-16T03:25:38.439+0000] {logging_mixin.py:188} INFO - [2024-09-16T03:25:38.437+0000] {dagbag.py:540} INFO - Filling up the DagBag from /opt/airflow/dags/P2M3_Intan_DAG.py
[2024-09-16T03:25:41.088+0000] {processor.py:840} INFO - DAG(s) 'P2M3_student_DAG_hck' retrieved from /opt/airflow/dags/P2M3_Intan_DAG.py
[2024-09-16T03:25:41.323+0000] {logging_mixin.py:188} INFO - [2024-09-16T03:25:41.321+0000] {dag.py:3047} INFO - Sync 1 DAGs
[2024-09-16T03:25:41.425+0000] {logging_mixin.py:188} INFO - [2024-09-16T03:25:41.424+0000] {dag.py:3834} INFO - Setting next_dagrun for P2M3_student_DAG_hck to 2024-09-15 06:30:00+00:00, run_after=2024-09-16 06:30:00+00:00
[2024-09-16T03:25:41.495+0000] {processor.py:183} INFO - Processing /opt/airflow/dags/P2M3_Intan_DAG.py took 3.084 seconds
[2024-09-16T03:26:12.243+0000] {processor.py:161} INFO - Started process (PID=334) to work on /opt/airflow/dags/P2M3_Intan_DAG.py
[2024-09-16T03:26:12.247+0000] {processor.py:830} INFO - Processing file /opt/airflow/dags/P2M3_Intan_DAG.py for tasks to queue
[2024-09-16T03:26:12.254+0000] {logging_mixin.py:188} INFO - [2024-09-16T03:26:12.251+0000] {dagbag.py:540} INFO - Filling up the DagBag from /opt/airflow/dags/P2M3_Intan_DAG.py
[2024-09-16T03:26:18.002+0000] {processor.py:840} INFO - DAG(s) 'P2M3_student_DAG_hck' retrieved from /opt/airflow/dags/P2M3_Intan_DAG.py
[2024-09-16T03:26:18.292+0000] {logging_mixin.py:188} INFO - [2024-09-16T03:26:18.291+0000] {dag.py:3047} INFO - Sync 1 DAGs
[2024-09-16T03:26:20.292+0000] {logging_mixin.py:188} INFO - [2024-09-16T03:26:20.292+0000] {dag.py:3834} INFO - Setting next_dagrun for P2M3_student_DAG_hck to 2024-09-15 06:30:00+00:00, run_after=2024-09-16 06:30:00+00:00
[2024-09-16T03:26:20.365+0000] {processor.py:183} INFO - Processing /opt/airflow/dags/P2M3_Intan_DAG.py took 8.151 seconds
[2024-09-16T03:26:50.939+0000] {processor.py:161} INFO - Started process (PID=340) to work on /opt/airflow/dags/P2M3_Intan_DAG.py
[2024-09-16T03:26:50.943+0000] {processor.py:830} INFO - Processing file /opt/airflow/dags/P2M3_Intan_DAG.py for tasks to queue
[2024-09-16T03:26:50.947+0000] {logging_mixin.py:188} INFO - [2024-09-16T03:26:50.945+0000] {dagbag.py:540} INFO - Filling up the DagBag from /opt/airflow/dags/P2M3_Intan_DAG.py
[2024-09-16T03:26:53.002+0000] {processor.py:840} INFO - DAG(s) 'P2M3_student_DAG_hck' retrieved from /opt/airflow/dags/P2M3_Intan_DAG.py
[2024-09-16T03:26:54.052+0000] {logging_mixin.py:188} INFO - [2024-09-16T03:26:54.051+0000] {dag.py:3047} INFO - Sync 1 DAGs
[2024-09-16T03:26:54.115+0000] {logging_mixin.py:188} INFO - [2024-09-16T03:26:54.115+0000] {dag.py:3834} INFO - Setting next_dagrun for P2M3_student_DAG_hck to 2024-09-15 06:30:00+00:00, run_after=2024-09-16 06:30:00+00:00
[2024-09-16T03:26:54.153+0000] {processor.py:183} INFO - Processing /opt/airflow/dags/P2M3_Intan_DAG.py took 3.222 seconds
[2024-09-16T03:27:24.338+0000] {processor.py:161} INFO - Started process (PID=346) to work on /opt/airflow/dags/P2M3_Intan_DAG.py
[2024-09-16T03:27:24.341+0000] {processor.py:830} INFO - Processing file /opt/airflow/dags/P2M3_Intan_DAG.py for tasks to queue
[2024-09-16T03:27:24.345+0000] {logging_mixin.py:188} INFO - [2024-09-16T03:27:24.344+0000] {dagbag.py:540} INFO - Filling up the DagBag from /opt/airflow/dags/P2M3_Intan_DAG.py
[2024-09-16T03:27:25.312+0000] {processor.py:840} INFO - DAG(s) 'P2M3_student_DAG_hck' retrieved from /opt/airflow/dags/P2M3_Intan_DAG.py
[2024-09-16T03:27:25.357+0000] {logging_mixin.py:188} INFO - [2024-09-16T03:27:25.356+0000] {dag.py:3047} INFO - Sync 1 DAGs
[2024-09-16T03:27:25.422+0000] {logging_mixin.py:188} INFO - [2024-09-16T03:27:25.421+0000] {dag.py:3834} INFO - Setting next_dagrun for P2M3_student_DAG_hck to 2024-09-15 06:30:00+00:00, run_after=2024-09-16 06:30:00+00:00
[2024-09-16T03:27:25.457+0000] {processor.py:183} INFO - Processing /opt/airflow/dags/P2M3_Intan_DAG.py took 1.126 seconds
[2024-09-16T03:27:55.735+0000] {processor.py:161} INFO - Started process (PID=352) to work on /opt/airflow/dags/P2M3_Intan_DAG.py
[2024-09-16T03:27:55.737+0000] {processor.py:830} INFO - Processing file /opt/airflow/dags/P2M3_Intan_DAG.py for tasks to queue
[2024-09-16T03:27:55.740+0000] {logging_mixin.py:188} INFO - [2024-09-16T03:27:55.739+0000] {dagbag.py:540} INFO - Filling up the DagBag from /opt/airflow/dags/P2M3_Intan_DAG.py
[2024-09-16T03:27:56.604+0000] {processor.py:840} INFO - DAG(s) 'P2M3_student_DAG_hck' retrieved from /opt/airflow/dags/P2M3_Intan_DAG.py
[2024-09-16T03:27:56.669+0000] {logging_mixin.py:188} INFO - [2024-09-16T03:27:56.668+0000] {dag.py:3047} INFO - Sync 1 DAGs
[2024-09-16T03:27:58.100+0000] {logging_mixin.py:188} INFO - [2024-09-16T03:27:58.098+0000] {dag.py:3834} INFO - Setting next_dagrun for P2M3_student_DAG_hck to 2024-09-15 06:30:00+00:00, run_after=2024-09-16 06:30:00+00:00
[2024-09-16T03:27:58.144+0000] {processor.py:183} INFO - Processing /opt/airflow/dags/P2M3_Intan_DAG.py took 2.416 seconds
[2024-09-16T03:28:28.685+0000] {processor.py:161} INFO - Started process (PID=358) to work on /opt/airflow/dags/P2M3_Intan_DAG.py
[2024-09-16T03:28:28.689+0000] {processor.py:830} INFO - Processing file /opt/airflow/dags/P2M3_Intan_DAG.py for tasks to queue
[2024-09-16T03:28:28.698+0000] {logging_mixin.py:188} INFO - [2024-09-16T03:28:28.696+0000] {dagbag.py:540} INFO - Filling up the DagBag from /opt/airflow/dags/P2M3_Intan_DAG.py
[2024-09-16T03:28:29.631+0000] {processor.py:840} INFO - DAG(s) 'P2M3_student_DAG_hck' retrieved from /opt/airflow/dags/P2M3_Intan_DAG.py
[2024-09-16T03:28:30.039+0000] {logging_mixin.py:188} INFO - [2024-09-16T03:28:30.038+0000] {dag.py:3047} INFO - Sync 1 DAGs
[2024-09-16T03:28:30.078+0000] {logging_mixin.py:188} INFO - [2024-09-16T03:28:30.077+0000] {dag.py:3834} INFO - Setting next_dagrun for P2M3_student_DAG_hck to 2024-09-15 06:30:00+00:00, run_after=2024-09-16 06:30:00+00:00
[2024-09-16T03:28:30.109+0000] {processor.py:183} INFO - Processing /opt/airflow/dags/P2M3_Intan_DAG.py took 1.602 seconds
[2024-09-16T03:29:00.420+0000] {processor.py:161} INFO - Started process (PID=364) to work on /opt/airflow/dags/P2M3_Intan_DAG.py
[2024-09-16T03:29:00.422+0000] {processor.py:830} INFO - Processing file /opt/airflow/dags/P2M3_Intan_DAG.py for tasks to queue
[2024-09-16T03:29:00.424+0000] {logging_mixin.py:188} INFO - [2024-09-16T03:29:00.423+0000] {dagbag.py:540} INFO - Filling up the DagBag from /opt/airflow/dags/P2M3_Intan_DAG.py
[2024-09-16T03:29:01.256+0000] {processor.py:840} INFO - DAG(s) 'P2M3_student_DAG_hck' retrieved from /opt/airflow/dags/P2M3_Intan_DAG.py
[2024-09-16T03:29:01.300+0000] {logging_mixin.py:188} INFO - [2024-09-16T03:29:01.300+0000] {dag.py:3047} INFO - Sync 1 DAGs
[2024-09-16T03:29:01.341+0000] {logging_mixin.py:188} INFO - [2024-09-16T03:29:01.340+0000] {dag.py:3834} INFO - Setting next_dagrun for P2M3_student_DAG_hck to 2024-09-15 06:30:00+00:00, run_after=2024-09-16 06:30:00+00:00
[2024-09-16T03:29:01.373+0000] {processor.py:183} INFO - Processing /opt/airflow/dags/P2M3_Intan_DAG.py took 0.960 seconds
[2024-09-16T03:29:31.948+0000] {processor.py:161} INFO - Started process (PID=370) to work on /opt/airflow/dags/P2M3_Intan_DAG.py
[2024-09-16T03:29:31.950+0000] {processor.py:830} INFO - Processing file /opt/airflow/dags/P2M3_Intan_DAG.py for tasks to queue
[2024-09-16T03:29:31.952+0000] {logging_mixin.py:188} INFO - [2024-09-16T03:29:31.951+0000] {dagbag.py:540} INFO - Filling up the DagBag from /opt/airflow/dags/P2M3_Intan_DAG.py
[2024-09-16T03:29:32.821+0000] {processor.py:840} INFO - DAG(s) 'P2M3_student_DAG_hck' retrieved from /opt/airflow/dags/P2M3_Intan_DAG.py
[2024-09-16T03:29:32.914+0000] {logging_mixin.py:188} INFO - [2024-09-16T03:29:32.913+0000] {dag.py:3047} INFO - Sync 1 DAGs
[2024-09-16T03:29:32.978+0000] {logging_mixin.py:188} INFO - [2024-09-16T03:29:32.978+0000] {dag.py:3834} INFO - Setting next_dagrun for P2M3_student_DAG_hck to 2024-09-15 06:30:00+00:00, run_after=2024-09-16 06:30:00+00:00
[2024-09-16T03:29:33.226+0000] {processor.py:183} INFO - Processing /opt/airflow/dags/P2M3_Intan_DAG.py took 1.290 seconds
[2024-09-16T03:30:03.457+0000] {processor.py:161} INFO - Started process (PID=376) to work on /opt/airflow/dags/P2M3_Intan_DAG.py
[2024-09-16T03:30:03.458+0000] {processor.py:830} INFO - Processing file /opt/airflow/dags/P2M3_Intan_DAG.py for tasks to queue
[2024-09-16T03:30:03.461+0000] {logging_mixin.py:188} INFO - [2024-09-16T03:30:03.460+0000] {dagbag.py:540} INFO - Filling up the DagBag from /opt/airflow/dags/P2M3_Intan_DAG.py
[2024-09-16T03:30:04.151+0000] {processor.py:840} INFO - DAG(s) 'P2M3_student_DAG_hck' retrieved from /opt/airflow/dags/P2M3_Intan_DAG.py
[2024-09-16T03:30:04.200+0000] {logging_mixin.py:188} INFO - [2024-09-16T03:30:04.199+0000] {dag.py:3047} INFO - Sync 1 DAGs
[2024-09-16T03:30:04.895+0000] {logging_mixin.py:188} INFO - [2024-09-16T03:30:04.894+0000] {dag.py:3834} INFO - Setting next_dagrun for P2M3_student_DAG_hck to 2024-09-15 06:30:00+00:00, run_after=2024-09-16 06:30:00+00:00
[2024-09-16T03:30:04.943+0000] {processor.py:183} INFO - Processing /opt/airflow/dags/P2M3_Intan_DAG.py took 1.493 seconds
[2024-09-16T03:30:35.319+0000] {processor.py:161} INFO - Started process (PID=382) to work on /opt/airflow/dags/P2M3_Intan_DAG.py
[2024-09-16T03:30:35.321+0000] {processor.py:830} INFO - Processing file /opt/airflow/dags/P2M3_Intan_DAG.py for tasks to queue
[2024-09-16T03:30:35.329+0000] {logging_mixin.py:188} INFO - [2024-09-16T03:30:35.329+0000] {dagbag.py:540} INFO - Filling up the DagBag from /opt/airflow/dags/P2M3_Intan_DAG.py
[2024-09-16T03:30:36.415+0000] {processor.py:840} INFO - DAG(s) 'P2M3_student_DAG_hck' retrieved from /opt/airflow/dags/P2M3_Intan_DAG.py
[2024-09-16T03:30:36.542+0000] {logging_mixin.py:188} INFO - [2024-09-16T03:30:36.542+0000] {dag.py:3047} INFO - Sync 1 DAGs
[2024-09-16T03:30:36.644+0000] {logging_mixin.py:188} INFO - [2024-09-16T03:30:36.644+0000] {dag.py:3834} INFO - Setting next_dagrun for P2M3_student_DAG_hck to 2024-09-15 06:30:00+00:00, run_after=2024-09-16 06:30:00+00:00
[2024-09-16T03:30:36.685+0000] {processor.py:183} INFO - Processing /opt/airflow/dags/P2M3_Intan_DAG.py took 1.380 seconds
[2024-09-16T03:31:07.073+0000] {processor.py:161} INFO - Started process (PID=388) to work on /opt/airflow/dags/P2M3_Intan_DAG.py
[2024-09-16T03:31:07.074+0000] {processor.py:830} INFO - Processing file /opt/airflow/dags/P2M3_Intan_DAG.py for tasks to queue
[2024-09-16T03:31:07.076+0000] {logging_mixin.py:188} INFO - [2024-09-16T03:31:07.076+0000] {dagbag.py:540} INFO - Filling up the DagBag from /opt/airflow/dags/P2M3_Intan_DAG.py
[2024-09-16T03:31:07.853+0000] {processor.py:840} INFO - DAG(s) 'P2M3_student_DAG_hck' retrieved from /opt/airflow/dags/P2M3_Intan_DAG.py
[2024-09-16T03:31:07.896+0000] {logging_mixin.py:188} INFO - [2024-09-16T03:31:07.896+0000] {dag.py:3047} INFO - Sync 1 DAGs
[2024-09-16T03:31:07.946+0000] {logging_mixin.py:188} INFO - [2024-09-16T03:31:07.946+0000] {dag.py:3834} INFO - Setting next_dagrun for P2M3_student_DAG_hck to 2024-09-15 06:30:00+00:00, run_after=2024-09-16 06:30:00+00:00
[2024-09-16T03:31:08.482+0000] {processor.py:183} INFO - Processing /opt/airflow/dags/P2M3_Intan_DAG.py took 1.417 seconds
[2024-09-16T03:31:39.677+0000] {processor.py:161} INFO - Started process (PID=394) to work on /opt/airflow/dags/P2M3_Intan_DAG.py
[2024-09-16T03:31:39.682+0000] {processor.py:830} INFO - Processing file /opt/airflow/dags/P2M3_Intan_DAG.py for tasks to queue
[2024-09-16T03:31:39.694+0000] {logging_mixin.py:188} INFO - [2024-09-16T03:31:39.692+0000] {dagbag.py:540} INFO - Filling up the DagBag from /opt/airflow/dags/P2M3_Intan_DAG.py
[2024-09-16T03:31:41.526+0000] {processor.py:840} INFO - DAG(s) 'P2M3_student_DAG_hck' retrieved from /opt/airflow/dags/P2M3_Intan_DAG.py
[2024-09-16T03:31:41.662+0000] {logging_mixin.py:188} INFO - [2024-09-16T03:31:41.661+0000] {dag.py:3047} INFO - Sync 1 DAGs
[2024-09-16T03:31:43.289+0000] {logging_mixin.py:188} INFO - [2024-09-16T03:31:43.288+0000] {dag.py:3834} INFO - Setting next_dagrun for P2M3_student_DAG_hck to 2024-09-15 06:30:00+00:00, run_after=2024-09-16 06:30:00+00:00
[2024-09-16T03:31:43.348+0000] {processor.py:183} INFO - Processing /opt/airflow/dags/P2M3_Intan_DAG.py took 3.707 seconds
[2024-09-16T03:32:14.075+0000] {processor.py:161} INFO - Started process (PID=400) to work on /opt/airflow/dags/P2M3_Intan_DAG.py
[2024-09-16T03:32:14.087+0000] {processor.py:830} INFO - Processing file /opt/airflow/dags/P2M3_Intan_DAG.py for tasks to queue
[2024-09-16T03:32:14.097+0000] {logging_mixin.py:188} INFO - [2024-09-16T03:32:14.088+0000] {dagbag.py:540} INFO - Filling up the DagBag from /opt/airflow/dags/P2M3_Intan_DAG.py
[2024-09-16T03:32:16.270+0000] {processor.py:840} INFO - DAG(s) 'P2M3_student_DAG_hck' retrieved from /opt/airflow/dags/P2M3_Intan_DAG.py
[2024-09-16T03:32:17.723+0000] {logging_mixin.py:188} INFO - [2024-09-16T03:32:17.722+0000] {dag.py:3047} INFO - Sync 1 DAGs
[2024-09-16T03:32:17.933+0000] {logging_mixin.py:188} INFO - [2024-09-16T03:32:17.931+0000] {dag.py:3834} INFO - Setting next_dagrun for P2M3_student_DAG_hck to 2024-09-15 06:30:00+00:00, run_after=2024-09-16 06:30:00+00:00
[2024-09-16T03:32:18.072+0000] {processor.py:183} INFO - Processing /opt/airflow/dags/P2M3_Intan_DAG.py took 4.161 seconds
[2024-09-16T03:32:48.663+0000] {processor.py:161} INFO - Started process (PID=406) to work on /opt/airflow/dags/P2M3_Intan_DAG.py
[2024-09-16T03:32:48.667+0000] {processor.py:830} INFO - Processing file /opt/airflow/dags/P2M3_Intan_DAG.py for tasks to queue
[2024-09-16T03:32:48.670+0000] {logging_mixin.py:188} INFO - [2024-09-16T03:32:48.668+0000] {dagbag.py:540} INFO - Filling up the DagBag from /opt/airflow/dags/P2M3_Intan_DAG.py
[2024-09-16T03:32:49.504+0000] {processor.py:840} INFO - DAG(s) 'P2M3_student_DAG_hck' retrieved from /opt/airflow/dags/P2M3_Intan_DAG.py
[2024-09-16T03:32:49.553+0000] {logging_mixin.py:188} INFO - [2024-09-16T03:32:49.552+0000] {dag.py:3047} INFO - Sync 1 DAGs
[2024-09-16T03:32:49.591+0000] {logging_mixin.py:188} INFO - [2024-09-16T03:32:49.591+0000] {dag.py:3834} INFO - Setting next_dagrun for P2M3_student_DAG_hck to 2024-09-15 06:30:00+00:00, run_after=2024-09-16 06:30:00+00:00
[2024-09-16T03:32:49.626+0000] {processor.py:183} INFO - Processing /opt/airflow/dags/P2M3_Intan_DAG.py took 0.976 seconds
[2024-09-16T03:33:20.454+0000] {processor.py:161} INFO - Started process (PID=412) to work on /opt/airflow/dags/P2M3_Intan_DAG.py
[2024-09-16T03:33:20.456+0000] {processor.py:830} INFO - Processing file /opt/airflow/dags/P2M3_Intan_DAG.py for tasks to queue
[2024-09-16T03:33:20.458+0000] {logging_mixin.py:188} INFO - [2024-09-16T03:33:20.457+0000] {dagbag.py:540} INFO - Filling up the DagBag from /opt/airflow/dags/P2M3_Intan_DAG.py
[2024-09-16T03:33:21.455+0000] {processor.py:840} INFO - DAG(s) 'P2M3_student_DAG_hck' retrieved from /opt/airflow/dags/P2M3_Intan_DAG.py
[2024-09-16T03:33:21.496+0000] {logging_mixin.py:188} INFO - [2024-09-16T03:33:21.495+0000] {dag.py:3047} INFO - Sync 1 DAGs
[2024-09-16T03:33:22.114+0000] {logging_mixin.py:188} INFO - [2024-09-16T03:33:22.114+0000] {dag.py:3834} INFO - Setting next_dagrun for P2M3_student_DAG_hck to 2024-09-15 06:30:00+00:00, run_after=2024-09-16 06:30:00+00:00
[2024-09-16T03:33:22.151+0000] {processor.py:183} INFO - Processing /opt/airflow/dags/P2M3_Intan_DAG.py took 1.711 seconds
[2024-09-16T03:38:00.175+0000] {processor.py:161} INFO - Started process (PID=174) to work on /opt/airflow/dags/P2M3_Intan_DAG.py
[2024-09-16T03:38:00.204+0000] {processor.py:830} INFO - Processing file /opt/airflow/dags/P2M3_Intan_DAG.py for tasks to queue
[2024-09-16T03:38:00.218+0000] {logging_mixin.py:188} INFO - [2024-09-16T03:38:00.213+0000] {dagbag.py:540} INFO - Filling up the DagBag from /opt/airflow/dags/P2M3_Intan_DAG.py
[2024-09-16T03:38:05.391+0000] {processor.py:840} INFO - DAG(s) 'P2M3_student_DAG_hck' retrieved from /opt/airflow/dags/P2M3_Intan_DAG.py
[2024-09-16T03:38:06.269+0000] {logging_mixin.py:188} INFO - [2024-09-16T03:38:06.268+0000] {dag.py:3047} INFO - Sync 1 DAGs
[2024-09-16T03:38:07.276+0000] {logging_mixin.py:188} INFO - [2024-09-16T03:38:07.275+0000] {dag.py:3834} INFO - Setting next_dagrun for P2M3_student_DAG_hck to 2024-09-15 06:30:00+00:00, run_after=2024-09-16 06:30:00+00:00
[2024-09-16T03:38:07.386+0000] {processor.py:183} INFO - Processing /opt/airflow/dags/P2M3_Intan_DAG.py took 7.348 seconds
[2024-09-16T03:38:37.755+0000] {processor.py:161} INFO - Started process (PID=181) to work on /opt/airflow/dags/P2M3_Intan_DAG.py
[2024-09-16T03:38:37.757+0000] {processor.py:830} INFO - Processing file /opt/airflow/dags/P2M3_Intan_DAG.py for tasks to queue
[2024-09-16T03:38:37.767+0000] {logging_mixin.py:188} INFO - [2024-09-16T03:38:37.761+0000] {dagbag.py:540} INFO - Filling up the DagBag from /opt/airflow/dags/P2M3_Intan_DAG.py
[2024-09-16T03:38:40.426+0000] {processor.py:840} INFO - DAG(s) 'P2M3_student_DAG_hck' retrieved from /opt/airflow/dags/P2M3_Intan_DAG.py
[2024-09-16T03:38:40.627+0000] {logging_mixin.py:188} INFO - [2024-09-16T03:38:40.626+0000] {dag.py:3047} INFO - Sync 1 DAGs
[2024-09-16T03:38:41.726+0000] {logging_mixin.py:188} INFO - [2024-09-16T03:38:41.726+0000] {dag.py:3834} INFO - Setting next_dagrun for P2M3_student_DAG_hck to 2024-09-15 06:30:00+00:00, run_after=2024-09-16 06:30:00+00:00
[2024-09-16T03:38:42.077+0000] {processor.py:183} INFO - Processing /opt/airflow/dags/P2M3_Intan_DAG.py took 4.329 seconds
[2024-09-16T03:39:12.640+0000] {processor.py:161} INFO - Started process (PID=187) to work on /opt/airflow/dags/P2M3_Intan_DAG.py
[2024-09-16T03:39:12.644+0000] {processor.py:830} INFO - Processing file /opt/airflow/dags/P2M3_Intan_DAG.py for tasks to queue
[2024-09-16T03:39:12.648+0000] {logging_mixin.py:188} INFO - [2024-09-16T03:39:12.647+0000] {dagbag.py:540} INFO - Filling up the DagBag from /opt/airflow/dags/P2M3_Intan_DAG.py
[2024-09-16T03:39:15.852+0000] {processor.py:840} INFO - DAG(s) 'P2M3_student_DAG_hck' retrieved from /opt/airflow/dags/P2M3_Intan_DAG.py
[2024-09-16T03:39:18.470+0000] {logging_mixin.py:188} INFO - [2024-09-16T03:39:18.470+0000] {dag.py:3047} INFO - Sync 1 DAGs
[2024-09-16T03:39:18.518+0000] {logging_mixin.py:188} INFO - [2024-09-16T03:39:18.517+0000] {dag.py:3834} INFO - Setting next_dagrun for P2M3_student_DAG_hck to 2024-09-15 06:30:00+00:00, run_after=2024-09-16 06:30:00+00:00
[2024-09-16T03:39:18.558+0000] {processor.py:183} INFO - Processing /opt/airflow/dags/P2M3_Intan_DAG.py took 5.952 seconds
[2024-09-16T03:39:49.344+0000] {processor.py:161} INFO - Started process (PID=193) to work on /opt/airflow/dags/P2M3_Intan_DAG.py
[2024-09-16T03:39:49.346+0000] {processor.py:830} INFO - Processing file /opt/airflow/dags/P2M3_Intan_DAG.py for tasks to queue
[2024-09-16T03:39:49.353+0000] {logging_mixin.py:188} INFO - [2024-09-16T03:39:49.351+0000] {dagbag.py:540} INFO - Filling up the DagBag from /opt/airflow/dags/P2M3_Intan_DAG.py
[2024-09-16T03:40:00.002+0000] {processor.py:840} INFO - DAG(s) 'P2M3_student_DAG_hck' retrieved from /opt/airflow/dags/P2M3_Intan_DAG.py
[2024-09-16T03:40:01.877+0000] {logging_mixin.py:188} INFO - [2024-09-16T03:40:01.876+0000] {dag.py:3047} INFO - Sync 1 DAGs
[2024-09-16T03:40:19.845+0000] {logging_mixin.py:188} INFO - [2024-09-16T03:40:19.844+0000] {dag.py:3834} INFO - Setting next_dagrun for P2M3_student_DAG_hck to 2024-09-15 06:30:00+00:00, run_after=2024-09-16 06:30:00+00:00
[2024-09-16T03:40:19.920+0000] {processor.py:183} INFO - Processing /opt/airflow/dags/P2M3_Intan_DAG.py took 30.586 seconds
[2024-09-16T03:40:50.605+0000] {processor.py:161} INFO - Started process (PID=199) to work on /opt/airflow/dags/P2M3_Intan_DAG.py
[2024-09-16T03:40:50.611+0000] {processor.py:830} INFO - Processing file /opt/airflow/dags/P2M3_Intan_DAG.py for tasks to queue
[2024-09-16T03:40:50.624+0000] {logging_mixin.py:188} INFO - [2024-09-16T03:40:50.614+0000] {dagbag.py:540} INFO - Filling up the DagBag from /opt/airflow/dags/P2M3_Intan_DAG.py
[2024-09-16T03:40:54.039+0000] {processor.py:840} INFO - DAG(s) 'P2M3_student_DAG_hck' retrieved from /opt/airflow/dags/P2M3_Intan_DAG.py
[2024-09-16T03:40:54.351+0000] {logging_mixin.py:188} INFO - [2024-09-16T03:40:54.350+0000] {dag.py:3047} INFO - Sync 1 DAGs
[2024-09-16T03:40:54.573+0000] {logging_mixin.py:188} INFO - [2024-09-16T03:40:54.572+0000] {dag.py:3834} INFO - Setting next_dagrun for P2M3_student_DAG_hck to 2024-09-15 06:30:00+00:00, run_after=2024-09-16 06:30:00+00:00
[2024-09-16T03:40:54.723+0000] {processor.py:183} INFO - Processing /opt/airflow/dags/P2M3_Intan_DAG.py took 4.141 seconds
[2024-09-16T03:41:25.642+0000] {processor.py:161} INFO - Started process (PID=205) to work on /opt/airflow/dags/P2M3_Intan_DAG.py
[2024-09-16T03:41:25.687+0000] {processor.py:830} INFO - Processing file /opt/airflow/dags/P2M3_Intan_DAG.py for tasks to queue
[2024-09-16T03:41:25.692+0000] {logging_mixin.py:188} INFO - [2024-09-16T03:41:25.692+0000] {dagbag.py:540} INFO - Filling up the DagBag from /opt/airflow/dags/P2M3_Intan_DAG.py
[2024-09-16T03:41:26.746+0000] {processor.py:840} INFO - DAG(s) 'P2M3_student_DAG_hck' retrieved from /opt/airflow/dags/P2M3_Intan_DAG.py
[2024-09-16T03:41:26.791+0000] {logging_mixin.py:188} INFO - [2024-09-16T03:41:26.791+0000] {dag.py:3047} INFO - Sync 1 DAGs
[2024-09-16T03:41:26.845+0000] {logging_mixin.py:188} INFO - [2024-09-16T03:41:26.845+0000] {dag.py:3834} INFO - Setting next_dagrun for P2M3_student_DAG_hck to 2024-09-15 06:30:00+00:00, run_after=2024-09-16 06:30:00+00:00
[2024-09-16T03:41:27.178+0000] {processor.py:183} INFO - Processing /opt/airflow/dags/P2M3_Intan_DAG.py took 1.593 seconds
[2024-09-16T03:41:57.901+0000] {processor.py:161} INFO - Started process (PID=211) to work on /opt/airflow/dags/P2M3_Intan_DAG.py
[2024-09-16T03:41:57.928+0000] {processor.py:830} INFO - Processing file /opt/airflow/dags/P2M3_Intan_DAG.py for tasks to queue
[2024-09-16T03:41:58.951+0000] {logging_mixin.py:188} INFO - [2024-09-16T03:41:58.937+0000] {dagbag.py:540} INFO - Filling up the DagBag from /opt/airflow/dags/P2M3_Intan_DAG.py
[2024-09-16T03:41:59.905+0000] {processor.py:840} INFO - DAG(s) 'P2M3_student_DAG_hck' retrieved from /opt/airflow/dags/P2M3_Intan_DAG.py
[2024-09-16T03:41:59.957+0000] {logging_mixin.py:188} INFO - [2024-09-16T03:41:59.957+0000] {dag.py:3047} INFO - Sync 1 DAGs
[2024-09-16T03:42:02.455+0000] {logging_mixin.py:188} INFO - [2024-09-16T03:42:02.455+0000] {dag.py:3834} INFO - Setting next_dagrun for P2M3_student_DAG_hck to 2024-09-15 06:30:00+00:00, run_after=2024-09-16 06:30:00+00:00
[2024-09-16T03:42:02.503+0000] {processor.py:183} INFO - Processing /opt/airflow/dags/P2M3_Intan_DAG.py took 4.666 seconds
[2024-09-16T03:42:32.913+0000] {processor.py:161} INFO - Started process (PID=217) to work on /opt/airflow/dags/P2M3_Intan_DAG.py
[2024-09-16T03:42:32.915+0000] {processor.py:830} INFO - Processing file /opt/airflow/dags/P2M3_Intan_DAG.py for tasks to queue
[2024-09-16T03:42:32.921+0000] {logging_mixin.py:188} INFO - [2024-09-16T03:42:32.919+0000] {dagbag.py:540} INFO - Filling up the DagBag from /opt/airflow/dags/P2M3_Intan_DAG.py
[2024-09-16T03:42:34.045+0000] {processor.py:840} INFO - DAG(s) 'P2M3_student_DAG_hck' retrieved from /opt/airflow/dags/P2M3_Intan_DAG.py
[2024-09-16T03:42:34.165+0000] {logging_mixin.py:188} INFO - [2024-09-16T03:42:34.164+0000] {dag.py:3047} INFO - Sync 1 DAGs
[2024-09-16T03:42:34.234+0000] {logging_mixin.py:188} INFO - [2024-09-16T03:42:34.234+0000] {dag.py:3834} INFO - Setting next_dagrun for P2M3_student_DAG_hck to 2024-09-15 06:30:00+00:00, run_after=2024-09-16 06:30:00+00:00
[2024-09-16T03:42:34.269+0000] {processor.py:183} INFO - Processing /opt/airflow/dags/P2M3_Intan_DAG.py took 1.432 seconds
[2024-09-16T03:43:04.790+0000] {processor.py:161} INFO - Started process (PID=223) to work on /opt/airflow/dags/P2M3_Intan_DAG.py
[2024-09-16T03:43:04.792+0000] {processor.py:830} INFO - Processing file /opt/airflow/dags/P2M3_Intan_DAG.py for tasks to queue
[2024-09-16T03:43:04.795+0000] {logging_mixin.py:188} INFO - [2024-09-16T03:43:04.794+0000] {dagbag.py:540} INFO - Filling up the DagBag from /opt/airflow/dags/P2M3_Intan_DAG.py
[2024-09-16T03:43:06.195+0000] {processor.py:840} INFO - DAG(s) 'P2M3_student_DAG_hck' retrieved from /opt/airflow/dags/P2M3_Intan_DAG.py
[2024-09-16T03:43:06.280+0000] {logging_mixin.py:188} INFO - [2024-09-16T03:43:06.280+0000] {dag.py:3047} INFO - Sync 1 DAGs
[2024-09-16T03:43:06.335+0000] {logging_mixin.py:188} INFO - [2024-09-16T03:43:06.335+0000] {dag.py:3834} INFO - Setting next_dagrun for P2M3_student_DAG_hck to 2024-09-15 06:30:00+00:00, run_after=2024-09-16 06:30:00+00:00
[2024-09-16T03:43:06.386+0000] {processor.py:183} INFO - Processing /opt/airflow/dags/P2M3_Intan_DAG.py took 1.615 seconds
[2024-09-16T03:43:36.655+0000] {processor.py:161} INFO - Started process (PID=229) to work on /opt/airflow/dags/P2M3_Intan_DAG.py
[2024-09-16T03:43:36.657+0000] {processor.py:830} INFO - Processing file /opt/airflow/dags/P2M3_Intan_DAG.py for tasks to queue
[2024-09-16T03:43:36.659+0000] {logging_mixin.py:188} INFO - [2024-09-16T03:43:36.658+0000] {dagbag.py:540} INFO - Filling up the DagBag from /opt/airflow/dags/P2M3_Intan_DAG.py
[2024-09-16T03:43:37.437+0000] {processor.py:840} INFO - DAG(s) 'P2M3_student_DAG_hck' retrieved from /opt/airflow/dags/P2M3_Intan_DAG.py
[2024-09-16T03:43:37.492+0000] {logging_mixin.py:188} INFO - [2024-09-16T03:43:37.491+0000] {dag.py:3047} INFO - Sync 1 DAGs
[2024-09-16T03:43:40.555+0000] {logging_mixin.py:188} INFO - [2024-09-16T03:43:40.554+0000] {dag.py:3834} INFO - Setting next_dagrun for P2M3_student_DAG_hck to 2024-09-15 06:30:00+00:00, run_after=2024-09-16 06:30:00+00:00
[2024-09-16T03:43:40.617+0000] {processor.py:183} INFO - Processing /opt/airflow/dags/P2M3_Intan_DAG.py took 3.968 seconds
[2024-09-16T03:44:11.010+0000] {processor.py:161} INFO - Started process (PID=235) to work on /opt/airflow/dags/P2M3_Intan_DAG.py
[2024-09-16T03:44:11.013+0000] {processor.py:830} INFO - Processing file /opt/airflow/dags/P2M3_Intan_DAG.py for tasks to queue
[2024-09-16T03:44:11.020+0000] {logging_mixin.py:188} INFO - [2024-09-16T03:44:11.019+0000] {dagbag.py:540} INFO - Filling up the DagBag from /opt/airflow/dags/P2M3_Intan_DAG.py
[2024-09-16T03:44:12.005+0000] {processor.py:840} INFO - DAG(s) 'P2M3_student_DAG_hck' retrieved from /opt/airflow/dags/P2M3_Intan_DAG.py
[2024-09-16T03:44:12.632+0000] {logging_mixin.py:188} INFO - [2024-09-16T03:44:12.631+0000] {dag.py:3047} INFO - Sync 1 DAGs
[2024-09-16T03:44:12.670+0000] {logging_mixin.py:188} INFO - [2024-09-16T03:44:12.670+0000] {dag.py:3834} INFO - Setting next_dagrun for P2M3_student_DAG_hck to 2024-09-15 06:30:00+00:00, run_after=2024-09-16 06:30:00+00:00
[2024-09-16T03:44:12.708+0000] {processor.py:183} INFO - Processing /opt/airflow/dags/P2M3_Intan_DAG.py took 1.735 seconds
[2024-09-16T03:44:43.066+0000] {processor.py:161} INFO - Started process (PID=241) to work on /opt/airflow/dags/P2M3_Intan_DAG.py
[2024-09-16T03:44:43.068+0000] {processor.py:830} INFO - Processing file /opt/airflow/dags/P2M3_Intan_DAG.py for tasks to queue
[2024-09-16T03:44:43.070+0000] {logging_mixin.py:188} INFO - [2024-09-16T03:44:43.069+0000] {dagbag.py:540} INFO - Filling up the DagBag from /opt/airflow/dags/P2M3_Intan_DAG.py
[2024-09-16T03:44:43.900+0000] {processor.py:840} INFO - DAG(s) 'P2M3_student_DAG_hck' retrieved from /opt/airflow/dags/P2M3_Intan_DAG.py
[2024-09-16T03:44:43.943+0000] {logging_mixin.py:188} INFO - [2024-09-16T03:44:43.942+0000] {dag.py:3047} INFO - Sync 1 DAGs
[2024-09-16T03:44:43.983+0000] {logging_mixin.py:188} INFO - [2024-09-16T03:44:43.983+0000] {dag.py:3834} INFO - Setting next_dagrun for P2M3_student_DAG_hck to 2024-09-15 06:30:00+00:00, run_after=2024-09-16 06:30:00+00:00
[2024-09-16T03:44:44.018+0000] {processor.py:183} INFO - Processing /opt/airflow/dags/P2M3_Intan_DAG.py took 0.958 seconds
[2024-09-16T03:45:14.494+0000] {processor.py:161} INFO - Started process (PID=247) to work on /opt/airflow/dags/P2M3_Intan_DAG.py
[2024-09-16T03:45:14.496+0000] {processor.py:830} INFO - Processing file /opt/airflow/dags/P2M3_Intan_DAG.py for tasks to queue
[2024-09-16T03:45:14.498+0000] {logging_mixin.py:188} INFO - [2024-09-16T03:45:14.497+0000] {dagbag.py:540} INFO - Filling up the DagBag from /opt/airflow/dags/P2M3_Intan_DAG.py
[2024-09-16T03:45:15.238+0000] {processor.py:840} INFO - DAG(s) 'P2M3_student_DAG_hck' retrieved from /opt/airflow/dags/P2M3_Intan_DAG.py
[2024-09-16T03:45:15.275+0000] {logging_mixin.py:188} INFO - [2024-09-16T03:45:15.275+0000] {dag.py:3047} INFO - Sync 1 DAGs
[2024-09-16T03:45:15.575+0000] {logging_mixin.py:188} INFO - [2024-09-16T03:45:15.575+0000] {dag.py:3834} INFO - Setting next_dagrun for P2M3_student_DAG_hck to 2024-09-15 06:30:00+00:00, run_after=2024-09-16 06:30:00+00:00
[2024-09-16T03:45:15.659+0000] {processor.py:183} INFO - Processing /opt/airflow/dags/P2M3_Intan_DAG.py took 1.171 seconds
[2024-09-16T03:45:46.137+0000] {processor.py:161} INFO - Started process (PID=253) to work on /opt/airflow/dags/P2M3_Intan_DAG.py
[2024-09-16T03:45:46.139+0000] {processor.py:830} INFO - Processing file /opt/airflow/dags/P2M3_Intan_DAG.py for tasks to queue
[2024-09-16T03:45:46.142+0000] {logging_mixin.py:188} INFO - [2024-09-16T03:45:46.141+0000] {dagbag.py:540} INFO - Filling up the DagBag from /opt/airflow/dags/P2M3_Intan_DAG.py
[2024-09-16T03:45:47.324+0000] {processor.py:840} INFO - DAG(s) 'P2M3_student_DAG_hck' retrieved from /opt/airflow/dags/P2M3_Intan_DAG.py
[2024-09-16T03:45:48.824+0000] {logging_mixin.py:188} INFO - [2024-09-16T03:45:48.823+0000] {dag.py:3047} INFO - Sync 1 DAGs
[2024-09-16T03:45:48.875+0000] {logging_mixin.py:188} INFO - [2024-09-16T03:45:48.875+0000] {dag.py:3834} INFO - Setting next_dagrun for P2M3_student_DAG_hck to 2024-09-15 06:30:00+00:00, run_after=2024-09-16 06:30:00+00:00
[2024-09-16T03:45:48.925+0000] {processor.py:183} INFO - Processing /opt/airflow/dags/P2M3_Intan_DAG.py took 2.794 seconds
[2024-09-16T03:46:19.299+0000] {processor.py:161} INFO - Started process (PID=259) to work on /opt/airflow/dags/P2M3_Intan_DAG.py
[2024-09-16T03:46:19.304+0000] {processor.py:830} INFO - Processing file /opt/airflow/dags/P2M3_Intan_DAG.py for tasks to queue
[2024-09-16T03:46:19.309+0000] {logging_mixin.py:188} INFO - [2024-09-16T03:46:19.308+0000] {dagbag.py:540} INFO - Filling up the DagBag from /opt/airflow/dags/P2M3_Intan_DAG.py
[2024-09-16T03:46:20.447+0000] {processor.py:840} INFO - DAG(s) 'P2M3_student_DAG_hck' retrieved from /opt/airflow/dags/P2M3_Intan_DAG.py
[2024-09-16T03:46:20.472+0000] {logging_mixin.py:188} INFO - [2024-09-16T03:46:20.472+0000] {dag.py:3047} INFO - Sync 1 DAGs
[2024-09-16T03:46:20.499+0000] {logging_mixin.py:188} INFO - [2024-09-16T03:46:20.498+0000] {dag.py:3834} INFO - Setting next_dagrun for P2M3_student_DAG_hck to 2024-09-15 06:30:00+00:00, run_after=2024-09-16 06:30:00+00:00
[2024-09-16T03:46:20.522+0000] {processor.py:183} INFO - Processing /opt/airflow/dags/P2M3_Intan_DAG.py took 1.233 seconds
[2024-09-16T03:46:51.198+0000] {processor.py:161} INFO - Started process (PID=265) to work on /opt/airflow/dags/P2M3_Intan_DAG.py
[2024-09-16T03:46:51.202+0000] {processor.py:830} INFO - Processing file /opt/airflow/dags/P2M3_Intan_DAG.py for tasks to queue
[2024-09-16T03:46:51.209+0000] {logging_mixin.py:188} INFO - [2024-09-16T03:46:51.208+0000] {dagbag.py:540} INFO - Filling up the DagBag from /opt/airflow/dags/P2M3_Intan_DAG.py
[2024-09-16T03:46:52.258+0000] {processor.py:840} INFO - DAG(s) 'P2M3_student_DAG_hck' retrieved from /opt/airflow/dags/P2M3_Intan_DAG.py
[2024-09-16T03:46:52.307+0000] {logging_mixin.py:188} INFO - [2024-09-16T03:46:52.307+0000] {dag.py:3047} INFO - Sync 1 DAGs
[2024-09-16T03:46:52.354+0000] {logging_mixin.py:188} INFO - [2024-09-16T03:46:52.354+0000] {dag.py:3834} INFO - Setting next_dagrun for P2M3_student_DAG_hck to 2024-09-15 06:30:00+00:00, run_after=2024-09-16 06:30:00+00:00
[2024-09-16T03:46:52.708+0000] {processor.py:183} INFO - Processing /opt/airflow/dags/P2M3_Intan_DAG.py took 1.516 seconds
[2024-09-16T03:47:23.267+0000] {processor.py:161} INFO - Started process (PID=271) to work on /opt/airflow/dags/P2M3_Intan_DAG.py
[2024-09-16T03:47:23.269+0000] {processor.py:830} INFO - Processing file /opt/airflow/dags/P2M3_Intan_DAG.py for tasks to queue
[2024-09-16T03:47:23.271+0000] {logging_mixin.py:188} INFO - [2024-09-16T03:47:23.270+0000] {dagbag.py:540} INFO - Filling up the DagBag from /opt/airflow/dags/P2M3_Intan_DAG.py
[2024-09-16T03:47:24.056+0000] {processor.py:840} INFO - DAG(s) 'P2M3_student_DAG_hck' retrieved from /opt/airflow/dags/P2M3_Intan_DAG.py
[2024-09-16T03:47:24.103+0000] {logging_mixin.py:188} INFO - [2024-09-16T03:47:24.102+0000] {dag.py:3047} INFO - Sync 1 DAGs
[2024-09-16T03:47:24.455+0000] {logging_mixin.py:188} INFO - [2024-09-16T03:47:24.455+0000] {dag.py:3834} INFO - Setting next_dagrun for P2M3_student_DAG_hck to 2024-09-15 06:30:00+00:00, run_after=2024-09-16 06:30:00+00:00
[2024-09-16T03:47:24.497+0000] {processor.py:183} INFO - Processing /opt/airflow/dags/P2M3_Intan_DAG.py took 1.236 seconds
[2024-09-16T03:47:54.982+0000] {processor.py:161} INFO - Started process (PID=277) to work on /opt/airflow/dags/P2M3_Intan_DAG.py
[2024-09-16T03:47:54.985+0000] {processor.py:830} INFO - Processing file /opt/airflow/dags/P2M3_Intan_DAG.py for tasks to queue
[2024-09-16T03:47:54.987+0000] {logging_mixin.py:188} INFO - [2024-09-16T03:47:54.986+0000] {dagbag.py:540} INFO - Filling up the DagBag from /opt/airflow/dags/P2M3_Intan_DAG.py
[2024-09-16T03:47:56.143+0000] {processor.py:840} INFO - DAG(s) 'P2M3_student_DAG_hck' retrieved from /opt/airflow/dags/P2M3_Intan_DAG.py
[2024-09-16T03:47:56.211+0000] {logging_mixin.py:188} INFO - [2024-09-16T03:47:56.210+0000] {dag.py:3047} INFO - Sync 1 DAGs
[2024-09-16T03:47:56.272+0000] {logging_mixin.py:188} INFO - [2024-09-16T03:47:56.272+0000] {dag.py:3834} INFO - Setting next_dagrun for P2M3_student_DAG_hck to 2024-09-15 06:30:00+00:00, run_after=2024-09-16 06:30:00+00:00
[2024-09-16T03:47:56.317+0000] {processor.py:183} INFO - Processing /opt/airflow/dags/P2M3_Intan_DAG.py took 1.346 seconds
[2024-09-16T03:48:26.609+0000] {processor.py:161} INFO - Started process (PID=283) to work on /opt/airflow/dags/P2M3_Intan_DAG.py
[2024-09-16T03:48:26.618+0000] {processor.py:830} INFO - Processing file /opt/airflow/dags/P2M3_Intan_DAG.py for tasks to queue
[2024-09-16T03:48:26.622+0000] {logging_mixin.py:188} INFO - [2024-09-16T03:48:26.621+0000] {dagbag.py:540} INFO - Filling up the DagBag from /opt/airflow/dags/P2M3_Intan_DAG.py
[2024-09-16T03:48:27.362+0000] {processor.py:840} INFO - DAG(s) 'P2M3_student_DAG_hck' retrieved from /opt/airflow/dags/P2M3_Intan_DAG.py
[2024-09-16T03:48:27.400+0000] {logging_mixin.py:188} INFO - [2024-09-16T03:48:27.399+0000] {dag.py:3047} INFO - Sync 1 DAGs
[2024-09-16T03:48:27.450+0000] {logging_mixin.py:188} INFO - [2024-09-16T03:48:27.449+0000] {dag.py:3834} INFO - Setting next_dagrun for P2M3_student_DAG_hck to 2024-09-15 06:30:00+00:00, run_after=2024-09-16 06:30:00+00:00
[2024-09-16T03:48:27.975+0000] {processor.py:183} INFO - Processing /opt/airflow/dags/P2M3_Intan_DAG.py took 1.383 seconds
[2024-09-16T03:48:58.438+0000] {processor.py:161} INFO - Started process (PID=289) to work on /opt/airflow/dags/P2M3_Intan_DAG.py
[2024-09-16T03:48:58.440+0000] {processor.py:830} INFO - Processing file /opt/airflow/dags/P2M3_Intan_DAG.py for tasks to queue
[2024-09-16T03:48:58.443+0000] {logging_mixin.py:188} INFO - [2024-09-16T03:48:58.442+0000] {dagbag.py:540} INFO - Filling up the DagBag from /opt/airflow/dags/P2M3_Intan_DAG.py
[2024-09-16T03:48:59.511+0000] {processor.py:840} INFO - DAG(s) 'P2M3_student_DAG_hck' retrieved from /opt/airflow/dags/P2M3_Intan_DAG.py
[2024-09-16T03:48:59.583+0000] {logging_mixin.py:188} INFO - [2024-09-16T03:48:59.582+0000] {dag.py:3047} INFO - Sync 1 DAGs
[2024-09-16T03:48:59.872+0000] {logging_mixin.py:188} INFO - [2024-09-16T03:48:59.871+0000] {dag.py:3834} INFO - Setting next_dagrun for P2M3_student_DAG_hck to 2024-09-15 06:30:00+00:00, run_after=2024-09-16 06:30:00+00:00
[2024-09-16T03:48:59.909+0000] {processor.py:183} INFO - Processing /opt/airflow/dags/P2M3_Intan_DAG.py took 1.477 seconds
[2024-09-16T03:49:30.433+0000] {processor.py:161} INFO - Started process (PID=298) to work on /opt/airflow/dags/P2M3_Intan_DAG.py
[2024-09-16T03:49:30.445+0000] {processor.py:830} INFO - Processing file /opt/airflow/dags/P2M3_Intan_DAG.py for tasks to queue
[2024-09-16T03:49:30.450+0000] {logging_mixin.py:188} INFO - [2024-09-16T03:49:30.447+0000] {dagbag.py:540} INFO - Filling up the DagBag from /opt/airflow/dags/P2M3_Intan_DAG.py
[2024-09-16T03:49:33.485+0000] {processor.py:840} INFO - DAG(s) 'P2M3_student_DAG_hck' retrieved from /opt/airflow/dags/P2M3_Intan_DAG.py
[2024-09-16T03:49:33.525+0000] {logging_mixin.py:188} INFO - [2024-09-16T03:49:33.525+0000] {dag.py:3047} INFO - Sync 1 DAGs
[2024-09-16T03:49:33.560+0000] {logging_mixin.py:188} INFO - [2024-09-16T03:49:33.560+0000] {dag.py:3834} INFO - Setting next_dagrun for P2M3_student_DAG_hck to 2024-09-15 06:30:00+00:00, run_after=2024-09-16 06:30:00+00:00
[2024-09-16T03:49:33.597+0000] {processor.py:183} INFO - Processing /opt/airflow/dags/P2M3_Intan_DAG.py took 3.173 seconds
[2024-09-16T03:50:03.928+0000] {processor.py:161} INFO - Started process (PID=304) to work on /opt/airflow/dags/P2M3_Intan_DAG.py
[2024-09-16T03:50:03.930+0000] {processor.py:830} INFO - Processing file /opt/airflow/dags/P2M3_Intan_DAG.py for tasks to queue
[2024-09-16T03:50:03.932+0000] {logging_mixin.py:188} INFO - [2024-09-16T03:50:03.931+0000] {dagbag.py:540} INFO - Filling up the DagBag from /opt/airflow/dags/P2M3_Intan_DAG.py
[2024-09-16T03:50:05.187+0000] {processor.py:840} INFO - DAG(s) 'P2M3_student_DAG_hck' retrieved from /opt/airflow/dags/P2M3_Intan_DAG.py
[2024-09-16T03:50:05.308+0000] {logging_mixin.py:188} INFO - [2024-09-16T03:50:05.297+0000] {dag.py:3047} INFO - Sync 1 DAGs
[2024-09-16T03:50:05.504+0000] {logging_mixin.py:188} INFO - [2024-09-16T03:50:05.504+0000] {dag.py:3834} INFO - Setting next_dagrun for P2M3_student_DAG_hck to 2024-09-15 06:30:00+00:00, run_after=2024-09-16 06:30:00+00:00
[2024-09-16T03:50:06.252+0000] {processor.py:183} INFO - Processing /opt/airflow/dags/P2M3_Intan_DAG.py took 2.331 seconds
[2024-09-16T03:50:36.717+0000] {processor.py:161} INFO - Started process (PID=310) to work on /opt/airflow/dags/P2M3_Intan_DAG.py
[2024-09-16T03:50:36.720+0000] {processor.py:830} INFO - Processing file /opt/airflow/dags/P2M3_Intan_DAG.py for tasks to queue
[2024-09-16T03:50:36.722+0000] {logging_mixin.py:188} INFO - [2024-09-16T03:50:36.722+0000] {dagbag.py:540} INFO - Filling up the DagBag from /opt/airflow/dags/P2M3_Intan_DAG.py
[2024-09-16T03:50:37.552+0000] {processor.py:840} INFO - DAG(s) 'P2M3_student_DAG_hck' retrieved from /opt/airflow/dags/P2M3_Intan_DAG.py
[2024-09-16T03:50:37.619+0000] {logging_mixin.py:188} INFO - [2024-09-16T03:50:37.618+0000] {dag.py:3047} INFO - Sync 1 DAGs
[2024-09-16T03:50:39.635+0000] {logging_mixin.py:188} INFO - [2024-09-16T03:50:39.634+0000] {dag.py:3834} INFO - Setting next_dagrun for P2M3_student_DAG_hck to 2024-09-15 06:30:00+00:00, run_after=2024-09-16 06:30:00+00:00
[2024-09-16T03:50:39.670+0000] {processor.py:183} INFO - Processing /opt/airflow/dags/P2M3_Intan_DAG.py took 2.960 seconds
[2024-09-16T03:51:10.235+0000] {processor.py:161} INFO - Started process (PID=316) to work on /opt/airflow/dags/P2M3_Intan_DAG.py
[2024-09-16T03:51:10.240+0000] {processor.py:830} INFO - Processing file /opt/airflow/dags/P2M3_Intan_DAG.py for tasks to queue
[2024-09-16T03:51:10.245+0000] {logging_mixin.py:188} INFO - [2024-09-16T03:51:10.243+0000] {dagbag.py:540} INFO - Filling up the DagBag from /opt/airflow/dags/P2M3_Intan_DAG.py
[2024-09-16T03:51:13.627+0000] {processor.py:840} INFO - DAG(s) 'P2M3_student_DAG_hck' retrieved from /opt/airflow/dags/P2M3_Intan_DAG.py
[2024-09-16T03:51:13.685+0000] {logging_mixin.py:188} INFO - [2024-09-16T03:51:13.685+0000] {dag.py:3047} INFO - Sync 1 DAGs
[2024-09-16T03:51:13.800+0000] {logging_mixin.py:188} INFO - [2024-09-16T03:51:13.800+0000] {dag.py:3834} INFO - Setting next_dagrun for P2M3_student_DAG_hck to 2024-09-15 06:30:00+00:00, run_after=2024-09-16 06:30:00+00:00
[2024-09-16T03:51:13.896+0000] {processor.py:183} INFO - Processing /opt/airflow/dags/P2M3_Intan_DAG.py took 3.668 seconds
[2024-09-16T03:51:44.258+0000] {processor.py:161} INFO - Started process (PID=322) to work on /opt/airflow/dags/P2M3_Intan_DAG.py
[2024-09-16T03:51:44.260+0000] {processor.py:830} INFO - Processing file /opt/airflow/dags/P2M3_Intan_DAG.py for tasks to queue
[2024-09-16T03:51:44.265+0000] {logging_mixin.py:188} INFO - [2024-09-16T03:51:44.261+0000] {dagbag.py:540} INFO - Filling up the DagBag from /opt/airflow/dags/P2M3_Intan_DAG.py
[2024-09-16T03:51:45.036+0000] {processor.py:840} INFO - DAG(s) 'P2M3_student_DAG_hck' retrieved from /opt/airflow/dags/P2M3_Intan_DAG.py
[2024-09-16T03:51:45.080+0000] {logging_mixin.py:188} INFO - [2024-09-16T03:51:45.079+0000] {dag.py:3047} INFO - Sync 1 DAGs
[2024-09-16T03:51:45.129+0000] {logging_mixin.py:188} INFO - [2024-09-16T03:51:45.129+0000] {dag.py:3834} INFO - Setting next_dagrun for P2M3_student_DAG_hck to 2024-09-15 06:30:00+00:00, run_after=2024-09-16 06:30:00+00:00
[2024-09-16T03:51:45.383+0000] {processor.py:183} INFO - Processing /opt/airflow/dags/P2M3_Intan_DAG.py took 1.130 seconds
[2024-09-16T03:52:15.509+0000] {processor.py:161} INFO - Started process (PID=328) to work on /opt/airflow/dags/P2M3_Intan_DAG.py
[2024-09-16T03:52:15.511+0000] {processor.py:830} INFO - Processing file /opt/airflow/dags/P2M3_Intan_DAG.py for tasks to queue
[2024-09-16T03:52:15.514+0000] {logging_mixin.py:188} INFO - [2024-09-16T03:52:15.513+0000] {dagbag.py:540} INFO - Filling up the DagBag from /opt/airflow/dags/P2M3_Intan_DAG.py
[2024-09-16T03:52:16.417+0000] {processor.py:840} INFO - DAG(s) 'P2M3_student_DAG_hck' retrieved from /opt/airflow/dags/P2M3_Intan_DAG.py
[2024-09-16T03:52:16.468+0000] {logging_mixin.py:188} INFO - [2024-09-16T03:52:16.468+0000] {dag.py:3047} INFO - Sync 1 DAGs
[2024-09-16T03:52:16.808+0000] {logging_mixin.py:188} INFO - [2024-09-16T03:52:16.807+0000] {dag.py:3834} INFO - Setting next_dagrun for P2M3_student_DAG_hck to 2024-09-15 06:30:00+00:00, run_after=2024-09-16 06:30:00+00:00
[2024-09-16T03:52:16.846+0000] {processor.py:183} INFO - Processing /opt/airflow/dags/P2M3_Intan_DAG.py took 1.344 seconds
[2024-09-16T03:52:47.207+0000] {processor.py:161} INFO - Started process (PID=334) to work on /opt/airflow/dags/P2M3_Intan_DAG.py
[2024-09-16T03:52:47.209+0000] {processor.py:830} INFO - Processing file /opt/airflow/dags/P2M3_Intan_DAG.py for tasks to queue
[2024-09-16T03:52:47.211+0000] {logging_mixin.py:188} INFO - [2024-09-16T03:52:47.210+0000] {dagbag.py:540} INFO - Filling up the DagBag from /opt/airflow/dags/P2M3_Intan_DAG.py
[2024-09-16T03:52:47.970+0000] {processor.py:840} INFO - DAG(s) 'P2M3_student_DAG_hck' retrieved from /opt/airflow/dags/P2M3_Intan_DAG.py
[2024-09-16T03:52:48.256+0000] {logging_mixin.py:188} INFO - [2024-09-16T03:52:48.255+0000] {dag.py:3047} INFO - Sync 1 DAGs
[2024-09-16T03:52:48.327+0000] {logging_mixin.py:188} INFO - [2024-09-16T03:52:48.326+0000] {dag.py:3834} INFO - Setting next_dagrun for P2M3_student_DAG_hck to 2024-09-15 06:30:00+00:00, run_after=2024-09-16 06:30:00+00:00
[2024-09-16T03:52:48.366+0000] {processor.py:183} INFO - Processing /opt/airflow/dags/P2M3_Intan_DAG.py took 1.164 seconds
[2024-09-16T03:53:18.805+0000] {processor.py:161} INFO - Started process (PID=340) to work on /opt/airflow/dags/P2M3_Intan_DAG.py
[2024-09-16T03:53:18.811+0000] {processor.py:830} INFO - Processing file /opt/airflow/dags/P2M3_Intan_DAG.py for tasks to queue
[2024-09-16T03:53:18.814+0000] {logging_mixin.py:188} INFO - [2024-09-16T03:53:18.813+0000] {dagbag.py:540} INFO - Filling up the DagBag from /opt/airflow/dags/P2M3_Intan_DAG.py
[2024-09-16T03:53:19.924+0000] {processor.py:840} INFO - DAG(s) 'P2M3_student_DAG_hck' retrieved from /opt/airflow/dags/P2M3_Intan_DAG.py
[2024-09-16T03:53:19.961+0000] {logging_mixin.py:188} INFO - [2024-09-16T03:53:19.960+0000] {dag.py:3047} INFO - Sync 1 DAGs
[2024-09-16T03:53:20.000+0000] {logging_mixin.py:188} INFO - [2024-09-16T03:53:20.000+0000] {dag.py:3834} INFO - Setting next_dagrun for P2M3_student_DAG_hck to 2024-09-15 06:30:00+00:00, run_after=2024-09-16 06:30:00+00:00
[2024-09-16T03:53:20.032+0000] {processor.py:183} INFO - Processing /opt/airflow/dags/P2M3_Intan_DAG.py took 1.233 seconds
[2024-09-16T03:53:50.478+0000] {processor.py:161} INFO - Started process (PID=346) to work on /opt/airflow/dags/P2M3_Intan_DAG.py
[2024-09-16T03:53:50.481+0000] {processor.py:830} INFO - Processing file /opt/airflow/dags/P2M3_Intan_DAG.py for tasks to queue
[2024-09-16T03:53:50.483+0000] {logging_mixin.py:188} INFO - [2024-09-16T03:53:50.482+0000] {dagbag.py:540} INFO - Filling up the DagBag from /opt/airflow/dags/P2M3_Intan_DAG.py
[2024-09-16T03:53:51.473+0000] {processor.py:840} INFO - DAG(s) 'P2M3_student_DAG_hck' retrieved from /opt/airflow/dags/P2M3_Intan_DAG.py
[2024-09-16T03:53:51.521+0000] {logging_mixin.py:188} INFO - [2024-09-16T03:53:51.520+0000] {dag.py:3047} INFO - Sync 1 DAGs
[2024-09-16T03:53:51.788+0000] {logging_mixin.py:188} INFO - [2024-09-16T03:53:51.788+0000] {dag.py:3834} INFO - Setting next_dagrun for P2M3_student_DAG_hck to 2024-09-15 06:30:00+00:00, run_after=2024-09-16 06:30:00+00:00
[2024-09-16T03:53:51.827+0000] {processor.py:183} INFO - Processing /opt/airflow/dags/P2M3_Intan_DAG.py took 1.354 seconds
[2024-09-16T03:54:22.055+0000] {processor.py:161} INFO - Started process (PID=352) to work on /opt/airflow/dags/P2M3_Intan_DAG.py
[2024-09-16T03:54:22.057+0000] {processor.py:830} INFO - Processing file /opt/airflow/dags/P2M3_Intan_DAG.py for tasks to queue
[2024-09-16T03:54:22.059+0000] {logging_mixin.py:188} INFO - [2024-09-16T03:54:22.058+0000] {dagbag.py:540} INFO - Filling up the DagBag from /opt/airflow/dags/P2M3_Intan_DAG.py
[2024-09-16T03:54:22.838+0000] {processor.py:840} INFO - DAG(s) 'P2M3_student_DAG_hck' retrieved from /opt/airflow/dags/P2M3_Intan_DAG.py
[2024-09-16T03:54:23.209+0000] {logging_mixin.py:188} INFO - [2024-09-16T03:54:23.208+0000] {dag.py:3047} INFO - Sync 1 DAGs
[2024-09-16T03:54:23.280+0000] {logging_mixin.py:188} INFO - [2024-09-16T03:54:23.279+0000] {dag.py:3834} INFO - Setting next_dagrun for P2M3_student_DAG_hck to 2024-09-15 06:30:00+00:00, run_after=2024-09-16 06:30:00+00:00
[2024-09-16T03:54:23.374+0000] {processor.py:183} INFO - Processing /opt/airflow/dags/P2M3_Intan_DAG.py took 1.334 seconds
[2024-09-16T03:54:53.816+0000] {processor.py:161} INFO - Started process (PID=358) to work on /opt/airflow/dags/P2M3_Intan_DAG.py
[2024-09-16T03:54:53.817+0000] {processor.py:830} INFO - Processing file /opt/airflow/dags/P2M3_Intan_DAG.py for tasks to queue
[2024-09-16T03:54:53.819+0000] {logging_mixin.py:188} INFO - [2024-09-16T03:54:53.818+0000] {dagbag.py:540} INFO - Filling up the DagBag from /opt/airflow/dags/P2M3_Intan_DAG.py
[2024-09-16T03:54:54.683+0000] {processor.py:840} INFO - DAG(s) 'P2M3_student_DAG_hck' retrieved from /opt/airflow/dags/P2M3_Intan_DAG.py
[2024-09-16T03:54:54.722+0000] {logging_mixin.py:188} INFO - [2024-09-16T03:54:54.721+0000] {dag.py:3047} INFO - Sync 1 DAGs
[2024-09-16T03:54:54.764+0000] {logging_mixin.py:188} INFO - [2024-09-16T03:54:54.763+0000] {dag.py:3834} INFO - Setting next_dagrun for P2M3_student_DAG_hck to 2024-09-15 06:30:00+00:00, run_after=2024-09-16 06:30:00+00:00
[2024-09-16T03:54:54.798+0000] {processor.py:183} INFO - Processing /opt/airflow/dags/P2M3_Intan_DAG.py took 0.989 seconds
[2024-09-16T03:55:25.244+0000] {processor.py:161} INFO - Started process (PID=364) to work on /opt/airflow/dags/P2M3_Intan_DAG.py
[2024-09-16T03:55:25.246+0000] {processor.py:830} INFO - Processing file /opt/airflow/dags/P2M3_Intan_DAG.py for tasks to queue
[2024-09-16T03:55:25.248+0000] {logging_mixin.py:188} INFO - [2024-09-16T03:55:25.247+0000] {dagbag.py:540} INFO - Filling up the DagBag from /opt/airflow/dags/P2M3_Intan_DAG.py
[2024-09-16T03:55:26.674+0000] {processor.py:840} INFO - DAG(s) 'P2M3_student_DAG_hck' retrieved from /opt/airflow/dags/P2M3_Intan_DAG.py
[2024-09-16T03:55:26.737+0000] {logging_mixin.py:188} INFO - [2024-09-16T03:55:26.737+0000] {dag.py:3047} INFO - Sync 1 DAGs
[2024-09-16T03:55:26.805+0000] {logging_mixin.py:188} INFO - [2024-09-16T03:55:26.805+0000] {dag.py:3834} INFO - Setting next_dagrun for P2M3_student_DAG_hck to 2024-09-15 06:30:00+00:00, run_after=2024-09-16 06:30:00+00:00
[2024-09-16T03:55:26.847+0000] {processor.py:183} INFO - Processing /opt/airflow/dags/P2M3_Intan_DAG.py took 1.624 seconds
[2024-09-16T03:55:57.016+0000] {processor.py:161} INFO - Started process (PID=370) to work on /opt/airflow/dags/P2M3_Intan_DAG.py
[2024-09-16T03:55:57.018+0000] {processor.py:830} INFO - Processing file /opt/airflow/dags/P2M3_Intan_DAG.py for tasks to queue
[2024-09-16T03:55:57.023+0000] {logging_mixin.py:188} INFO - [2024-09-16T03:55:57.020+0000] {dagbag.py:540} INFO - Filling up the DagBag from /opt/airflow/dags/P2M3_Intan_DAG.py
[2024-09-16T03:55:58.192+0000] {processor.py:840} INFO - DAG(s) 'P2M3_student_DAG_hck' retrieved from /opt/airflow/dags/P2M3_Intan_DAG.py
[2024-09-16T03:55:58.564+0000] {logging_mixin.py:188} INFO - [2024-09-16T03:55:58.290+0000] {dag.py:3047} INFO - Sync 1 DAGs
[2024-09-16T03:55:58.615+0000] {logging_mixin.py:188} INFO - [2024-09-16T03:55:58.615+0000] {dag.py:3834} INFO - Setting next_dagrun for P2M3_student_DAG_hck to 2024-09-15 06:30:00+00:00, run_after=2024-09-16 06:30:00+00:00
[2024-09-16T03:55:58.697+0000] {processor.py:183} INFO - Processing /opt/airflow/dags/P2M3_Intan_DAG.py took 1.694 seconds
[2024-09-16T04:01:37.283+0000] {processor.py:161} INFO - Started process (PID=174) to work on /opt/airflow/dags/P2M3_Intan_DAG.py
[2024-09-16T04:01:37.467+0000] {processor.py:830} INFO - Processing file /opt/airflow/dags/P2M3_Intan_DAG.py for tasks to queue
[2024-09-16T04:01:37.486+0000] {logging_mixin.py:188} INFO - [2024-09-16T04:01:37.485+0000] {dagbag.py:540} INFO - Filling up the DagBag from /opt/airflow/dags/P2M3_Intan_DAG.py
[2024-09-16T04:01:44.265+0000] {processor.py:840} INFO - DAG(s) 'P2M3_student_DAG_hck' retrieved from /opt/airflow/dags/P2M3_Intan_DAG.py
[2024-09-16T04:01:44.934+0000] {logging_mixin.py:188} INFO - [2024-09-16T04:01:44.932+0000] {dag.py:3047} INFO - Sync 1 DAGs
[2024-09-16T04:01:45.864+0000] {logging_mixin.py:188} INFO - [2024-09-16T04:01:45.863+0000] {dag.py:3834} INFO - Setting next_dagrun for P2M3_student_DAG_hck to 2024-09-14 06:30:00+00:00, run_after=2024-09-15 06:30:00+00:00
[2024-09-16T04:01:45.917+0000] {processor.py:183} INFO - Processing /opt/airflow/dags/P2M3_Intan_DAG.py took 8.980 seconds
[2024-09-16T04:02:16.553+0000] {processor.py:161} INFO - Started process (PID=180) to work on /opt/airflow/dags/P2M3_Intan_DAG.py
[2024-09-16T04:02:16.568+0000] {processor.py:830} INFO - Processing file /opt/airflow/dags/P2M3_Intan_DAG.py for tasks to queue
[2024-09-16T04:02:16.576+0000] {logging_mixin.py:188} INFO - [2024-09-16T04:02:16.573+0000] {dagbag.py:540} INFO - Filling up the DagBag from /opt/airflow/dags/P2M3_Intan_DAG.py
[2024-09-16T04:02:18.358+0000] {processor.py:840} INFO - DAG(s) 'P2M3_student_DAG_hck' retrieved from /opt/airflow/dags/P2M3_Intan_DAG.py
[2024-09-16T04:02:18.651+0000] {logging_mixin.py:188} INFO - [2024-09-16T04:02:18.650+0000] {dag.py:3047} INFO - Sync 1 DAGs
[2024-09-16T04:02:18.777+0000] {logging_mixin.py:188} INFO - [2024-09-16T04:02:18.776+0000] {dag.py:3834} INFO - Setting next_dagrun for P2M3_student_DAG_hck to 2024-09-14 06:30:00+00:00, run_after=2024-09-15 06:30:00+00:00
[2024-09-16T04:02:18.857+0000] {processor.py:183} INFO - Processing /opt/airflow/dags/P2M3_Intan_DAG.py took 2.323 seconds
[2024-09-16T04:02:49.067+0000] {processor.py:161} INFO - Started process (PID=186) to work on /opt/airflow/dags/P2M3_Intan_DAG.py
[2024-09-16T04:02:49.069+0000] {processor.py:830} INFO - Processing file /opt/airflow/dags/P2M3_Intan_DAG.py for tasks to queue
[2024-09-16T04:02:49.088+0000] {logging_mixin.py:188} INFO - [2024-09-16T04:02:49.071+0000] {dagbag.py:540} INFO - Filling up the DagBag from /opt/airflow/dags/P2M3_Intan_DAG.py
[2024-09-16T04:02:54.679+0000] {processor.py:840} INFO - DAG(s) 'P2M3_student_DAG_hck' retrieved from /opt/airflow/dags/P2M3_Intan_DAG.py
[2024-09-16T04:02:55.004+0000] {logging_mixin.py:188} INFO - [2024-09-16T04:02:54.998+0000] {dag.py:3047} INFO - Sync 1 DAGs
[2024-09-16T04:02:55.177+0000] {logging_mixin.py:188} INFO - [2024-09-16T04:02:55.176+0000] {dag.py:3834} INFO - Setting next_dagrun for P2M3_student_DAG_hck to 2024-09-14 06:30:00+00:00, run_after=2024-09-15 06:30:00+00:00
[2024-09-16T04:02:55.300+0000] {processor.py:183} INFO - Processing /opt/airflow/dags/P2M3_Intan_DAG.py took 6.247 seconds
[2024-09-16T04:03:26.043+0000] {processor.py:161} INFO - Started process (PID=192) to work on /opt/airflow/dags/P2M3_Intan_DAG.py
[2024-09-16T04:03:26.048+0000] {processor.py:830} INFO - Processing file /opt/airflow/dags/P2M3_Intan_DAG.py for tasks to queue
[2024-09-16T04:03:26.062+0000] {logging_mixin.py:188} INFO - [2024-09-16T04:03:26.055+0000] {dagbag.py:540} INFO - Filling up the DagBag from /opt/airflow/dags/P2M3_Intan_DAG.py
[2024-09-16T04:03:29.745+0000] {processor.py:840} INFO - DAG(s) 'P2M3_student_DAG_hck' retrieved from /opt/airflow/dags/P2M3_Intan_DAG.py
[2024-09-16T04:03:29.818+0000] {logging_mixin.py:188} INFO - [2024-09-16T04:03:29.814+0000] {dag.py:3047} INFO - Sync 1 DAGs
[2024-09-16T04:03:29.909+0000] {logging_mixin.py:188} INFO - [2024-09-16T04:03:29.908+0000] {dag.py:3834} INFO - Setting next_dagrun for P2M3_student_DAG_hck to 2024-09-14 06:30:00+00:00, run_after=2024-09-15 06:30:00+00:00
[2024-09-16T04:03:37.477+0000] {processor.py:183} INFO - Processing /opt/airflow/dags/P2M3_Intan_DAG.py took 11.462 seconds
[2024-09-16T04:04:07.885+0000] {processor.py:161} INFO - Started process (PID=198) to work on /opt/airflow/dags/P2M3_Intan_DAG.py
[2024-09-16T04:04:07.886+0000] {processor.py:830} INFO - Processing file /opt/airflow/dags/P2M3_Intan_DAG.py for tasks to queue
[2024-09-16T04:04:07.889+0000] {logging_mixin.py:188} INFO - [2024-09-16T04:04:07.888+0000] {dagbag.py:540} INFO - Filling up the DagBag from /opt/airflow/dags/P2M3_Intan_DAG.py
[2024-09-16T04:04:09.069+0000] {processor.py:840} INFO - DAG(s) 'P2M3_student_DAG_hck' retrieved from /opt/airflow/dags/P2M3_Intan_DAG.py
[2024-09-16T04:04:09.982+0000] {logging_mixin.py:188} INFO - [2024-09-16T04:04:09.981+0000] {dag.py:3047} INFO - Sync 1 DAGs
[2024-09-16T04:04:10.112+0000] {logging_mixin.py:188} INFO - [2024-09-16T04:04:10.111+0000] {dag.py:3834} INFO - Setting next_dagrun for P2M3_student_DAG_hck to 2024-09-14 06:30:00+00:00, run_after=2024-09-15 06:30:00+00:00
[2024-09-16T04:04:10.159+0000] {processor.py:183} INFO - Processing /opt/airflow/dags/P2M3_Intan_DAG.py took 2.283 seconds
[2024-09-16T04:04:40.282+0000] {processor.py:161} INFO - Started process (PID=204) to work on /opt/airflow/dags/P2M3_Intan_DAG.py
[2024-09-16T04:04:40.285+0000] {processor.py:830} INFO - Processing file /opt/airflow/dags/P2M3_Intan_DAG.py for tasks to queue
[2024-09-16T04:04:40.288+0000] {logging_mixin.py:188} INFO - [2024-09-16T04:04:40.287+0000] {dagbag.py:540} INFO - Filling up the DagBag from /opt/airflow/dags/P2M3_Intan_DAG.py
[2024-09-16T04:04:41.212+0000] {processor.py:840} INFO - DAG(s) 'P2M3_student_DAG_hck' retrieved from /opt/airflow/dags/P2M3_Intan_DAG.py
[2024-09-16T04:04:41.274+0000] {logging_mixin.py:188} INFO - [2024-09-16T04:04:41.273+0000] {dag.py:3047} INFO - Sync 1 DAGs
[2024-09-16T04:04:41.316+0000] {logging_mixin.py:188} INFO - [2024-09-16T04:04:41.316+0000] {dag.py:3834} INFO - Setting next_dagrun for P2M3_student_DAG_hck to 2024-09-14 06:30:00+00:00, run_after=2024-09-15 06:30:00+00:00
[2024-09-16T04:04:41.354+0000] {processor.py:183} INFO - Processing /opt/airflow/dags/P2M3_Intan_DAG.py took 1.081 seconds
[2024-09-16T04:05:12.082+0000] {processor.py:161} INFO - Started process (PID=210) to work on /opt/airflow/dags/P2M3_Intan_DAG.py
[2024-09-16T04:05:12.085+0000] {processor.py:830} INFO - Processing file /opt/airflow/dags/P2M3_Intan_DAG.py for tasks to queue
[2024-09-16T04:05:12.086+0000] {logging_mixin.py:188} INFO - [2024-09-16T04:05:12.086+0000] {dagbag.py:540} INFO - Filling up the DagBag from /opt/airflow/dags/P2M3_Intan_DAG.py
[2024-09-16T04:05:12.915+0000] {processor.py:840} INFO - DAG(s) 'P2M3_student_DAG_hck' retrieved from /opt/airflow/dags/P2M3_Intan_DAG.py
[2024-09-16T04:05:12.956+0000] {logging_mixin.py:188} INFO - [2024-09-16T04:05:12.955+0000] {dag.py:3047} INFO - Sync 1 DAGs
[2024-09-16T04:05:13.638+0000] {logging_mixin.py:188} INFO - [2024-09-16T04:05:13.638+0000] {dag.py:3834} INFO - Setting next_dagrun for P2M3_student_DAG_hck to 2024-09-14 06:30:00+00:00, run_after=2024-09-15 06:30:00+00:00
[2024-09-16T04:05:13.685+0000] {processor.py:183} INFO - Processing /opt/airflow/dags/P2M3_Intan_DAG.py took 1.612 seconds
[2024-09-16T04:05:44.212+0000] {processor.py:161} INFO - Started process (PID=216) to work on /opt/airflow/dags/P2M3_Intan_DAG.py
[2024-09-16T04:05:44.251+0000] {processor.py:830} INFO - Processing file /opt/airflow/dags/P2M3_Intan_DAG.py for tasks to queue
[2024-09-16T04:05:44.256+0000] {logging_mixin.py:188} INFO - [2024-09-16T04:05:44.254+0000] {dagbag.py:540} INFO - Filling up the DagBag from /opt/airflow/dags/P2M3_Intan_DAG.py
[2024-09-16T04:05:46.071+0000] {processor.py:840} INFO - DAG(s) 'P2M3_student_DAG_hck' retrieved from /opt/airflow/dags/P2M3_Intan_DAG.py
[2024-09-16T04:05:46.183+0000] {logging_mixin.py:188} INFO - [2024-09-16T04:05:46.180+0000] {dag.py:3047} INFO - Sync 1 DAGs
[2024-09-16T04:05:46.399+0000] {logging_mixin.py:188} INFO - [2024-09-16T04:05:46.396+0000] {dag.py:3834} INFO - Setting next_dagrun for P2M3_student_DAG_hck to 2024-09-14 06:30:00+00:00, run_after=2024-09-15 06:30:00+00:00
[2024-09-16T04:05:46.517+0000] {processor.py:183} INFO - Processing /opt/airflow/dags/P2M3_Intan_DAG.py took 2.353 seconds
[2024-09-16T04:06:19.286+0000] {processor.py:161} INFO - Started process (PID=225) to work on /opt/airflow/dags/P2M3_Intan_DAG.py
[2024-09-16T04:06:19.338+0000] {processor.py:830} INFO - Processing file /opt/airflow/dags/P2M3_Intan_DAG.py for tasks to queue
[2024-09-16T04:06:19.416+0000] {logging_mixin.py:188} INFO - [2024-09-16T04:06:19.383+0000] {dagbag.py:540} INFO - Filling up the DagBag from /opt/airflow/dags/P2M3_Intan_DAG.py
[2024-09-16T04:06:30.370+0000] {processor.py:840} INFO - DAG(s) 'P2M3_student_DAG_hck' retrieved from /opt/airflow/dags/P2M3_Intan_DAG.py
[2024-09-16T04:06:31.395+0000] {logging_mixin.py:188} INFO - [2024-09-16T04:06:31.393+0000] {dag.py:3047} INFO - Sync 1 DAGs
[2024-09-16T04:06:31.769+0000] {logging_mixin.py:188} INFO - [2024-09-16T04:06:31.768+0000] {dag.py:3834} INFO - Setting next_dagrun for P2M3_student_DAG_hck to 2024-09-15 06:30:00+00:00, run_after=2024-09-16 06:30:00+00:00
[2024-09-16T04:06:32.094+0000] {processor.py:183} INFO - Processing /opt/airflow/dags/P2M3_Intan_DAG.py took 14.501 seconds
[2024-09-16T04:07:02.606+0000] {processor.py:161} INFO - Started process (PID=237) to work on /opt/airflow/dags/P2M3_Intan_DAG.py
[2024-09-16T04:07:02.608+0000] {processor.py:830} INFO - Processing file /opt/airflow/dags/P2M3_Intan_DAG.py for tasks to queue
[2024-09-16T04:07:02.611+0000] {logging_mixin.py:188} INFO - [2024-09-16T04:07:02.610+0000] {dagbag.py:540} INFO - Filling up the DagBag from /opt/airflow/dags/P2M3_Intan_DAG.py
[2024-09-16T04:07:04.983+0000] {processor.py:840} INFO - DAG(s) 'P2M3_student_DAG_hck' retrieved from /opt/airflow/dags/P2M3_Intan_DAG.py
[2024-09-16T04:07:05.076+0000] {logging_mixin.py:188} INFO - [2024-09-16T04:07:05.076+0000] {dag.py:3047} INFO - Sync 1 DAGs
[2024-09-16T04:07:05.855+0000] {logging_mixin.py:188} INFO - [2024-09-16T04:07:05.855+0000] {dag.py:3834} INFO - Setting next_dagrun for P2M3_student_DAG_hck to 2024-09-15 06:30:00+00:00, run_after=2024-09-16 06:30:00+00:00
[2024-09-16T04:07:05.904+0000] {processor.py:183} INFO - Processing /opt/airflow/dags/P2M3_Intan_DAG.py took 3.313 seconds
[2024-09-16T04:07:36.197+0000] {processor.py:161} INFO - Started process (PID=243) to work on /opt/airflow/dags/P2M3_Intan_DAG.py
[2024-09-16T04:07:36.199+0000] {processor.py:830} INFO - Processing file /opt/airflow/dags/P2M3_Intan_DAG.py for tasks to queue
[2024-09-16T04:07:36.201+0000] {logging_mixin.py:188} INFO - [2024-09-16T04:07:36.200+0000] {dagbag.py:540} INFO - Filling up the DagBag from /opt/airflow/dags/P2M3_Intan_DAG.py
[2024-09-16T04:07:37.050+0000] {processor.py:840} INFO - DAG(s) 'P2M3_student_DAG_hck' retrieved from /opt/airflow/dags/P2M3_Intan_DAG.py
[2024-09-16T04:07:37.116+0000] {logging_mixin.py:188} INFO - [2024-09-16T04:07:37.115+0000] {dag.py:3047} INFO - Sync 1 DAGs
[2024-09-16T04:07:37.203+0000] {logging_mixin.py:188} INFO - [2024-09-16T04:07:37.202+0000] {dag.py:3834} INFO - Setting next_dagrun for P2M3_student_DAG_hck to 2024-09-15 06:30:00+00:00, run_after=2024-09-16 06:30:00+00:00
[2024-09-16T04:07:37.311+0000] {processor.py:183} INFO - Processing /opt/airflow/dags/P2M3_Intan_DAG.py took 1.119 seconds
[2024-09-16T04:08:07.476+0000] {processor.py:161} INFO - Started process (PID=249) to work on /opt/airflow/dags/P2M3_Intan_DAG.py
[2024-09-16T04:08:07.478+0000] {processor.py:830} INFO - Processing file /opt/airflow/dags/P2M3_Intan_DAG.py for tasks to queue
[2024-09-16T04:08:07.482+0000] {logging_mixin.py:188} INFO - [2024-09-16T04:08:07.481+0000] {dagbag.py:540} INFO - Filling up the DagBag from /opt/airflow/dags/P2M3_Intan_DAG.py
[2024-09-16T04:08:08.549+0000] {processor.py:840} INFO - DAG(s) 'P2M3_student_DAG_hck' retrieved from /opt/airflow/dags/P2M3_Intan_DAG.py
[2024-09-16T04:08:08.693+0000] {logging_mixin.py:188} INFO - [2024-09-16T04:08:08.692+0000] {dag.py:3047} INFO - Sync 1 DAGs
[2024-09-16T04:08:08.836+0000] {logging_mixin.py:188} INFO - [2024-09-16T04:08:08.835+0000] {dag.py:3834} INFO - Setting next_dagrun for P2M3_student_DAG_hck to 2024-09-15 06:30:00+00:00, run_after=2024-09-16 06:30:00+00:00
[2024-09-16T04:08:08.908+0000] {processor.py:183} INFO - Processing /opt/airflow/dags/P2M3_Intan_DAG.py took 1.440 seconds
[2024-09-16T04:08:39.219+0000] {processor.py:161} INFO - Started process (PID=255) to work on /opt/airflow/dags/P2M3_Intan_DAG.py
[2024-09-16T04:08:39.221+0000] {processor.py:830} INFO - Processing file /opt/airflow/dags/P2M3_Intan_DAG.py for tasks to queue
[2024-09-16T04:08:39.223+0000] {logging_mixin.py:188} INFO - [2024-09-16T04:08:39.222+0000] {dagbag.py:540} INFO - Filling up the DagBag from /opt/airflow/dags/P2M3_Intan_DAG.py
[2024-09-16T04:08:40.358+0000] {processor.py:840} INFO - DAG(s) 'P2M3_student_DAG_hck' retrieved from /opt/airflow/dags/P2M3_Intan_DAG.py
[2024-09-16T04:08:40.424+0000] {logging_mixin.py:188} INFO - [2024-09-16T04:08:40.423+0000] {dag.py:3047} INFO - Sync 1 DAGs
[2024-09-16T04:08:41.553+0000] {logging_mixin.py:188} INFO - [2024-09-16T04:08:41.552+0000] {dag.py:3834} INFO - Setting next_dagrun for P2M3_student_DAG_hck to 2024-09-15 06:30:00+00:00, run_after=2024-09-16 06:30:00+00:00
[2024-09-16T04:08:41.620+0000] {processor.py:183} INFO - Processing /opt/airflow/dags/P2M3_Intan_DAG.py took 2.422 seconds
[2024-09-16T04:09:12.808+0000] {processor.py:161} INFO - Started process (PID=261) to work on /opt/airflow/dags/P2M3_Intan_DAG.py
[2024-09-16T04:09:12.856+0000] {processor.py:830} INFO - Processing file /opt/airflow/dags/P2M3_Intan_DAG.py for tasks to queue
[2024-09-16T04:09:12.859+0000] {logging_mixin.py:188} INFO - [2024-09-16T04:09:12.858+0000] {dagbag.py:540} INFO - Filling up the DagBag from /opt/airflow/dags/P2M3_Intan_DAG.py
[2024-09-16T04:09:15.628+0000] {processor.py:840} INFO - DAG(s) 'P2M3_student_DAG_hck' retrieved from /opt/airflow/dags/P2M3_Intan_DAG.py
[2024-09-16T04:11:08.813+0000] {processor.py:161} INFO - Started process (PID=269) to work on /opt/airflow/dags/P2M3_Intan_DAG.py
[2024-09-16T04:11:08.859+0000] {processor.py:830} INFO - Processing file /opt/airflow/dags/P2M3_Intan_DAG.py for tasks to queue
[2024-09-16T04:11:08.872+0000] {logging_mixin.py:188} INFO - [2024-09-16T04:11:08.871+0000] {dagbag.py:540} INFO - Filling up the DagBag from /opt/airflow/dags/P2M3_Intan_DAG.py
[2024-09-16T04:11:12.975+0000] {processor.py:840} INFO - DAG(s) 'P2M3_student_DAG_hck' retrieved from /opt/airflow/dags/P2M3_Intan_DAG.py
[2024-09-16T04:11:29.459+0000] {logging_mixin.py:188} INFO - [2024-09-16T04:11:29.457+0000] {dag.py:3047} INFO - Sync 1 DAGs
[2024-09-16T04:11:29.575+0000] {logging_mixin.py:188} INFO - [2024-09-16T04:11:29.574+0000] {dag.py:3834} INFO - Setting next_dagrun for P2M3_student_DAG_hck to 2024-09-15 06:30:00+00:00, run_after=2024-09-16 06:30:00+00:00
[2024-09-16T04:11:29.670+0000] {processor.py:183} INFO - Processing /opt/airflow/dags/P2M3_Intan_DAG.py took 20.895 seconds
[2024-09-16T04:12:00.476+0000] {processor.py:161} INFO - Started process (PID=275) to work on /opt/airflow/dags/P2M3_Intan_DAG.py
[2024-09-16T04:12:00.496+0000] {processor.py:830} INFO - Processing file /opt/airflow/dags/P2M3_Intan_DAG.py for tasks to queue
[2024-09-16T04:12:00.505+0000] {logging_mixin.py:188} INFO - [2024-09-16T04:12:00.501+0000] {dagbag.py:540} INFO - Filling up the DagBag from /opt/airflow/dags/P2M3_Intan_DAG.py
[2024-09-16T04:12:02.519+0000] {processor.py:840} INFO - DAG(s) 'P2M3_student_DAG_hck' retrieved from /opt/airflow/dags/P2M3_Intan_DAG.py
[2024-09-16T04:12:02.620+0000] {logging_mixin.py:188} INFO - [2024-09-16T04:12:02.619+0000] {dag.py:3047} INFO - Sync 1 DAGs
[2024-09-16T04:12:10.661+0000] {logging_mixin.py:188} INFO - [2024-09-16T04:12:10.660+0000] {dag.py:3834} INFO - Setting next_dagrun for P2M3_student_DAG_hck to 2024-09-15 06:30:00+00:00, run_after=2024-09-16 06:30:00+00:00
[2024-09-16T04:12:10.739+0000] {processor.py:183} INFO - Processing /opt/airflow/dags/P2M3_Intan_DAG.py took 10.316 seconds
[2024-09-16T04:12:41.414+0000] {processor.py:161} INFO - Started process (PID=281) to work on /opt/airflow/dags/P2M3_Intan_DAG.py
[2024-09-16T04:12:41.417+0000] {processor.py:830} INFO - Processing file /opt/airflow/dags/P2M3_Intan_DAG.py for tasks to queue
[2024-09-16T04:12:41.419+0000] {logging_mixin.py:188} INFO - [2024-09-16T04:12:41.418+0000] {dagbag.py:540} INFO - Filling up the DagBag from /opt/airflow/dags/P2M3_Intan_DAG.py
[2024-09-16T04:12:42.312+0000] {processor.py:840} INFO - DAG(s) 'P2M3_student_DAG_hck' retrieved from /opt/airflow/dags/P2M3_Intan_DAG.py
[2024-09-16T04:12:42.401+0000] {logging_mixin.py:188} INFO - [2024-09-16T04:12:42.400+0000] {dag.py:3047} INFO - Sync 1 DAGs
[2024-09-16T04:12:43.402+0000] {logging_mixin.py:188} INFO - [2024-09-16T04:12:43.401+0000] {dag.py:3834} INFO - Setting next_dagrun for P2M3_student_DAG_hck to 2024-09-15 06:30:00+00:00, run_after=2024-09-16 06:30:00+00:00
[2024-09-16T04:12:43.487+0000] {processor.py:183} INFO - Processing /opt/airflow/dags/P2M3_Intan_DAG.py took 2.092 seconds
[2024-09-16T04:13:13.850+0000] {processor.py:161} INFO - Started process (PID=287) to work on /opt/airflow/dags/P2M3_Intan_DAG.py
[2024-09-16T04:13:13.852+0000] {processor.py:830} INFO - Processing file /opt/airflow/dags/P2M3_Intan_DAG.py for tasks to queue
[2024-09-16T04:13:13.856+0000] {logging_mixin.py:188} INFO - [2024-09-16T04:13:13.855+0000] {dagbag.py:540} INFO - Filling up the DagBag from /opt/airflow/dags/P2M3_Intan_DAG.py
[2024-09-16T04:13:14.850+0000] {processor.py:840} INFO - DAG(s) 'P2M3_student_DAG_hck' retrieved from /opt/airflow/dags/P2M3_Intan_DAG.py
[2024-09-16T04:13:14.904+0000] {logging_mixin.py:188} INFO - [2024-09-16T04:13:14.904+0000] {dag.py:3047} INFO - Sync 1 DAGs
[2024-09-16T04:13:14.955+0000] {logging_mixin.py:188} INFO - [2024-09-16T04:13:14.955+0000] {dag.py:3834} INFO - Setting next_dagrun for P2M3_student_DAG_hck to 2024-09-15 06:30:00+00:00, run_after=2024-09-16 06:30:00+00:00
[2024-09-16T04:13:14.998+0000] {processor.py:183} INFO - Processing /opt/airflow/dags/P2M3_Intan_DAG.py took 1.159 seconds
[2024-09-16T04:13:45.111+0000] {processor.py:161} INFO - Started process (PID=293) to work on /opt/airflow/dags/P2M3_Intan_DAG.py
[2024-09-16T04:13:45.113+0000] {processor.py:830} INFO - Processing file /opt/airflow/dags/P2M3_Intan_DAG.py for tasks to queue
[2024-09-16T04:13:45.114+0000] {logging_mixin.py:188} INFO - [2024-09-16T04:13:45.114+0000] {dagbag.py:540} INFO - Filling up the DagBag from /opt/airflow/dags/P2M3_Intan_DAG.py
[2024-09-16T04:13:46.061+0000] {processor.py:840} INFO - DAG(s) 'P2M3_student_DAG_hck' retrieved from /opt/airflow/dags/P2M3_Intan_DAG.py
[2024-09-16T04:13:46.141+0000] {logging_mixin.py:188} INFO - [2024-09-16T04:13:46.140+0000] {dag.py:3047} INFO - Sync 1 DAGs
[2024-09-16T04:13:46.233+0000] {logging_mixin.py:188} INFO - [2024-09-16T04:13:46.232+0000] {dag.py:3834} INFO - Setting next_dagrun for P2M3_student_DAG_hck to 2024-09-15 06:30:00+00:00, run_after=2024-09-16 06:30:00+00:00
[2024-09-16T04:13:53.369+0000] {processor.py:183} INFO - Processing /opt/airflow/dags/P2M3_Intan_DAG.py took 8.262 seconds
