[2024-09-16T03:17:40.124+0000] {manager.py:469} INFO - Processing files using up to 2 processes at a time 
[2024-09-16T03:17:40.125+0000] {manager.py:470} INFO - Process each file at most once every 30 seconds
[2024-09-16T03:17:40.126+0000] {manager.py:471} INFO - Checking for new files in /opt/airflow/dags every 300 seconds
[2024-09-16T03:17:40.127+0000] {manager.py:738} INFO - Searching for files in /opt/airflow/dags
[2024-09-16T03:17:41.839+0000] {manager.py:741} INFO - There are 1 files in /opt/airflow/dags
[2024-09-16T03:17:42.343+0000] {manager.py:879} INFO - 
================================================================================
DAG File Processing Stats

File Path                              PID  Runtime      # DAGs    # Errors  Last Runtime    Last Run
-----------------------------------  -----  ---------  --------  ----------  --------------  ----------
/opt/airflow/dags/P2M3_Intan_DAG.py    235  0.19s             0           0
================================================================================
[2024-09-16T03:18:12.355+0000] {manager.py:879} INFO - 
================================================================================
DAG File Processing Stats

File Path                            PID    Runtime      # DAGs    # Errors  Last Runtime    Last Run
-----------------------------------  -----  ---------  --------  ----------  --------------  -------------------
/opt/airflow/dags/P2M3_Intan_DAG.py                           1           0  3.04s           2024-09-16T03:17:45
================================================================================
[2024-09-16T03:18:42.525+0000] {manager.py:879} INFO - 
================================================================================
DAG File Processing Stats

File Path                            PID    Runtime      # DAGs    # Errors  Last Runtime    Last Run
-----------------------------------  -----  ---------  --------  ----------  --------------  -------------------
/opt/airflow/dags/P2M3_Intan_DAG.py                           1           0  3.23s           2024-09-16T03:18:18
================================================================================
[2024-09-16T03:19:12.732+0000] {manager.py:879} INFO - 
================================================================================
DAG File Processing Stats

File Path                            PID    Runtime      # DAGs    # Errors  Last Runtime    Last Run
-----------------------------------  -----  ---------  --------  ----------  --------------  -------------------
/opt/airflow/dags/P2M3_Intan_DAG.py                           1           0  2.83s           2024-09-16T03:18:52
================================================================================
[2024-09-16T03:19:42.778+0000] {manager.py:879} INFO - 
================================================================================
DAG File Processing Stats

File Path                            PID    Runtime      # DAGs    # Errors  Last Runtime    Last Run
-----------------------------------  -----  ---------  --------  ----------  --------------  -------------------
/opt/airflow/dags/P2M3_Intan_DAG.py                           1           0  17.29s          2024-09-16T03:19:39
================================================================================
[2024-09-16T03:20:13.352+0000] {manager.py:879} INFO - 
================================================================================
DAG File Processing Stats

File Path                            PID    Runtime      # DAGs    # Errors  Last Runtime    Last Run
-----------------------------------  -----  ---------  --------  ----------  --------------  -------------------
/opt/airflow/dags/P2M3_Intan_DAG.py                           1           0  1.78s           2024-09-16T03:20:12
================================================================================
[2024-09-16T03:20:43.617+0000] {manager.py:879} INFO - 
================================================================================
DAG File Processing Stats

File Path                              PID  Runtime      # DAGs    # Errors  Last Runtime    Last Run
-----------------------------------  -----  ---------  --------  ----------  --------------  -------------------
/opt/airflow/dags/P2M3_Intan_DAG.py    265  1.01s             1           0  1.78s           2024-09-16T03:20:12
================================================================================
[2024-09-16T03:21:14.107+0000] {manager.py:879} INFO - 
================================================================================
DAG File Processing Stats

File Path                              PID  Runtime      # DAGs    # Errors  Last Runtime    Last Run
-----------------------------------  -----  ---------  --------  ----------  --------------  -------------------
/opt/airflow/dags/P2M3_Intan_DAG.py    271  0.01s             1           0  1.48s           2024-09-16T03:20:44
================================================================================
[2024-09-16T03:21:44.225+0000] {manager.py:879} INFO - 
================================================================================
DAG File Processing Stats

File Path                            PID    Runtime      # DAGs    # Errors  Last Runtime    Last Run
-----------------------------------  -----  ---------  --------  ----------  --------------  -------------------
/opt/airflow/dags/P2M3_Intan_DAG.py                           1           0  3.82s           2024-09-16T03:21:17
================================================================================
[2024-09-16T03:22:14.474+0000] {manager.py:879} INFO - 
================================================================================
DAG File Processing Stats

File Path                            PID    Runtime      # DAGs    # Errors  Last Runtime    Last Run
-----------------------------------  -----  ---------  --------  ----------  --------------  -------------------
/opt/airflow/dags/P2M3_Intan_DAG.py                           1           0  3.06s           2024-09-16T03:21:51
================================================================================
[2024-09-16T03:22:40.841+0000] {manager.py:738} INFO - Searching for files in /opt/airflow/dags
[2024-09-16T03:22:40.861+0000] {manager.py:741} INFO - There are 1 files in /opt/airflow/dags
[2024-09-16T03:22:44.909+0000] {manager.py:879} INFO - 
================================================================================
DAG File Processing Stats

File Path                            PID    Runtime      # DAGs    # Errors  Last Runtime    Last Run
-----------------------------------  -----  ---------  --------  ----------  --------------  -------------------
/opt/airflow/dags/P2M3_Intan_DAG.py                           1           0  1.14s           2024-09-16T03:22:22
================================================================================
[2024-09-16T03:23:15.175+0000] {manager.py:879} INFO - 
================================================================================
DAG File Processing Stats

File Path                            PID    Runtime      # DAGs    # Errors  Last Runtime    Last Run
-----------------------------------  -----  ---------  --------  ----------  --------------  -------------------
/opt/airflow/dags/P2M3_Intan_DAG.py                           1           0  1.60s           2024-09-16T03:22:54
================================================================================
[2024-09-16T03:23:45.299+0000] {manager.py:879} INFO - 
================================================================================
DAG File Processing Stats

File Path                            PID    Runtime      # DAGs    # Errors  Last Runtime    Last Run
-----------------------------------  -----  ---------  --------  ----------  --------------  -------------------
/opt/airflow/dags/P2M3_Intan_DAG.py                           1           0  3.33s           2024-09-16T03:23:28
================================================================================
[2024-09-16T03:24:15.499+0000] {manager.py:879} INFO - 
================================================================================
DAG File Processing Stats

File Path                            PID    Runtime      # DAGs    # Errors  Last Runtime    Last Run
-----------------------------------  -----  ---------  --------  ----------  --------------  -------------------
/opt/airflow/dags/P2M3_Intan_DAG.py                           1           0  2.38s           2024-09-16T03:24:00
================================================================================
[2024-09-16T03:24:45.792+0000] {manager.py:879} INFO - 
================================================================================
DAG File Processing Stats

File Path                            PID    Runtime      # DAGs    # Errors  Last Runtime    Last Run
-----------------------------------  -----  ---------  --------  ----------  --------------  -------------------
/opt/airflow/dags/P2M3_Intan_DAG.py                           1           0  5.00s           2024-09-16T03:24:35
================================================================================
[2024-09-16T03:25:15.969+0000] {manager.py:879} INFO - 
================================================================================
DAG File Processing Stats

File Path                            PID    Runtime      # DAGs    # Errors  Last Runtime    Last Run
-----------------------------------  -----  ---------  --------  ----------  --------------  -------------------
/opt/airflow/dags/P2M3_Intan_DAG.py                           1           0  2.07s           2024-09-16T03:25:07
================================================================================
[2024-09-16T03:25:46.482+0000] {manager.py:879} INFO - 
================================================================================
DAG File Processing Stats

File Path                            PID    Runtime      # DAGs    # Errors  Last Runtime    Last Run
-----------------------------------  -----  ---------  --------  ----------  --------------  -------------------
/opt/airflow/dags/P2M3_Intan_DAG.py                           1           0  3.15s           2024-09-16T03:25:41
================================================================================
[2024-09-16T03:26:16.965+0000] {manager.py:879} INFO - 
================================================================================
DAG File Processing Stats

File Path                              PID  Runtime      # DAGs    # Errors  Last Runtime    Last Run
-----------------------------------  -----  ---------  --------  ----------  --------------  -------------------
/opt/airflow/dags/P2M3_Intan_DAG.py    334  5.18s             1           0  3.15s           2024-09-16T03:25:41
================================================================================
[2024-09-16T03:26:47.314+0000] {manager.py:879} INFO - 
================================================================================
DAG File Processing Stats

File Path                            PID    Runtime      # DAGs    # Errors  Last Runtime    Last Run
-----------------------------------  -----  ---------  --------  ----------  --------------  -------------------
/opt/airflow/dags/P2M3_Intan_DAG.py                           1           0  8.65s           2024-09-16T03:26:20
================================================================================
[2024-09-16T03:27:17.448+0000] {manager.py:879} INFO - 
================================================================================
DAG File Processing Stats

File Path                            PID    Runtime      # DAGs    # Errors  Last Runtime    Last Run
-----------------------------------  -----  ---------  --------  ----------  --------------  -------------------
/opt/airflow/dags/P2M3_Intan_DAG.py                           1           0  3.28s           2024-09-16T03:26:54
================================================================================
[2024-09-16T03:27:41.548+0000] {manager.py:738} INFO - Searching for files in /opt/airflow/dags
[2024-09-16T03:27:41.567+0000] {manager.py:741} INFO - There are 1 files in /opt/airflow/dags
[2024-09-16T03:27:47.623+0000] {manager.py:879} INFO - 
================================================================================
DAG File Processing Stats

File Path                            PID    Runtime      # DAGs    # Errors  Last Runtime    Last Run
-----------------------------------  -----  ---------  --------  ----------  --------------  -------------------
/opt/airflow/dags/P2M3_Intan_DAG.py                           1           0  1.18s           2024-09-16T03:27:25
================================================================================
[2024-09-16T03:28:17.870+0000] {manager.py:879} INFO - 
================================================================================
DAG File Processing Stats

File Path                            PID    Runtime      # DAGs    # Errors  Last Runtime    Last Run
-----------------------------------  -----  ---------  --------  ----------  --------------  -------------------
/opt/airflow/dags/P2M3_Intan_DAG.py                           1           0  2.49s           2024-09-16T03:27:58
================================================================================
[2024-09-16T03:28:48.270+0000] {manager.py:879} INFO - 
================================================================================
DAG File Processing Stats

File Path                            PID    Runtime      # DAGs    # Errors  Last Runtime    Last Run
-----------------------------------  -----  ---------  --------  ----------  --------------  -------------------
/opt/airflow/dags/P2M3_Intan_DAG.py                           1           0  1.70s           2024-09-16T03:28:30
================================================================================
[2024-09-16T03:29:18.711+0000] {manager.py:879} INFO - 
================================================================================
DAG File Processing Stats

File Path                            PID    Runtime      # DAGs    # Errors  Last Runtime    Last Run
-----------------------------------  -----  ---------  --------  ----------  --------------  -------------------
/opt/airflow/dags/P2M3_Intan_DAG.py                           1           0  1.03s           2024-09-16T03:29:01
================================================================================
[2024-09-16T03:29:49.037+0000] {manager.py:879} INFO - 
================================================================================
DAG File Processing Stats

File Path                            PID    Runtime      # DAGs    # Errors  Last Runtime    Last Run
-----------------------------------  -----  ---------  --------  ----------  --------------  -------------------
/opt/airflow/dags/P2M3_Intan_DAG.py                           1           0  1.36s           2024-09-16T03:29:33
================================================================================
[2024-09-16T03:30:19.108+0000] {manager.py:879} INFO - 
================================================================================
DAG File Processing Stats

File Path                            PID    Runtime      # DAGs    # Errors  Last Runtime    Last Run
-----------------------------------  -----  ---------  --------  ----------  --------------  -------------------
/opt/airflow/dags/P2M3_Intan_DAG.py                           1           0  1.55s           2024-09-16T03:30:04
================================================================================
[2024-09-16T03:30:49.398+0000] {manager.py:879} INFO - 
================================================================================
DAG File Processing Stats

File Path                            PID    Runtime      # DAGs    # Errors  Last Runtime    Last Run
-----------------------------------  -----  ---------  --------  ----------  --------------  -------------------
/opt/airflow/dags/P2M3_Intan_DAG.py                           1           0  1.44s           2024-09-16T03:30:36
================================================================================
[2024-09-16T03:31:19.583+0000] {manager.py:879} INFO - 
================================================================================
DAG File Processing Stats

File Path                            PID    Runtime      # DAGs    # Errors  Last Runtime    Last Run
-----------------------------------  -----  ---------  --------  ----------  --------------  -------------------
/opt/airflow/dags/P2M3_Intan_DAG.py                           1           0  1.48s           2024-09-16T03:31:08
================================================================================
[2024-09-16T03:31:49.681+0000] {manager.py:879} INFO - 
================================================================================
DAG File Processing Stats

File Path                            PID    Runtime      # DAGs    # Errors  Last Runtime    Last Run
-----------------------------------  -----  ---------  --------  ----------  --------------  -------------------
/opt/airflow/dags/P2M3_Intan_DAG.py                           1           0  3.88s           2024-09-16T03:31:43
================================================================================
[2024-09-16T03:32:20.254+0000] {manager.py:879} INFO - 
================================================================================
DAG File Processing Stats

File Path                            PID    Runtime      # DAGs    # Errors  Last Runtime    Last Run
-----------------------------------  -----  ---------  --------  ----------  --------------  -------------------
/opt/airflow/dags/P2M3_Intan_DAG.py                           1           0  4.52s           2024-09-16T03:32:18
================================================================================
[2024-09-16T03:32:42.501+0000] {manager.py:738} INFO - Searching for files in /opt/airflow/dags
[2024-09-16T03:32:42.520+0000] {manager.py:741} INFO - There are 1 files in /opt/airflow/dags
[2024-09-16T03:32:50.643+0000] {manager.py:879} INFO - 
================================================================================
DAG File Processing Stats

File Path                            PID    Runtime      # DAGs    # Errors  Last Runtime    Last Run
-----------------------------------  -----  ---------  --------  ----------  --------------  -------------------
/opt/airflow/dags/P2M3_Intan_DAG.py                           1           0  1.05s           2024-09-16T03:32:49
================================================================================
[2024-09-16T03:33:21.396+0000] {manager.py:879} INFO - 
================================================================================
DAG File Processing Stats

File Path                              PID  Runtime      # DAGs    # Errors  Last Runtime    Last Run
-----------------------------------  -----  ---------  --------  ----------  --------------  -------------------
/opt/airflow/dags/P2M3_Intan_DAG.py    412  1.03s             1           0  1.05s           2024-09-16T03:32:49
================================================================================
[2024-09-16T03:33:29.948+0000] {manager.py:451} INFO - Exiting gracefully upon receiving signal 15
[2024-09-16T03:37:59.258+0000] {manager.py:469} INFO - Processing files using up to 2 processes at a time 
[2024-09-16T03:37:59.259+0000] {manager.py:470} INFO - Process each file at most once every 30 seconds
[2024-09-16T03:37:59.261+0000] {manager.py:471} INFO - Checking for new files in /opt/airflow/dags every 300 seconds
[2024-09-16T03:37:59.262+0000] {manager.py:738} INFO - Searching for files in /opt/airflow/dags
[2024-09-16T03:37:59.309+0000] {manager.py:741} INFO - There are 1 files in /opt/airflow/dags
[2024-09-16T03:38:00.533+0000] {manager.py:879} INFO - 
================================================================================
DAG File Processing Stats

File Path                              PID  Runtime      # DAGs    # Errors  Last Runtime    Last Run
-----------------------------------  -----  ---------  --------  ----------  --------------  ----------
/opt/airflow/dags/P2M3_Intan_DAG.py    174  0.65s             0           0
================================================================================
[2024-09-16T03:38:30.542+0000] {manager.py:879} INFO - 
================================================================================
DAG File Processing Stats

File Path                            PID    Runtime      # DAGs    # Errors  Last Runtime    Last Run
-----------------------------------  -----  ---------  --------  ----------  --------------  -------------------
/opt/airflow/dags/P2M3_Intan_DAG.py                           1           0  7.60s           2024-09-16T03:38:07
================================================================================
[2024-09-16T03:39:01.067+0000] {manager.py:879} INFO - 
================================================================================
DAG File Processing Stats

File Path                            PID    Runtime      # DAGs    # Errors  Last Runtime    Last Run
-----------------------------------  -----  ---------  --------  ----------  --------------  -------------------
/opt/airflow/dags/P2M3_Intan_DAG.py                           1           0  4.45s           2024-09-16T03:38:42
================================================================================
[2024-09-16T03:39:31.112+0000] {manager.py:879} INFO - 
================================================================================
DAG File Processing Stats

File Path                            PID    Runtime      # DAGs    # Errors  Last Runtime    Last Run
-----------------------------------  -----  ---------  --------  ----------  --------------  -------------------
/opt/airflow/dags/P2M3_Intan_DAG.py                           1           0  6.13s           2024-09-16T03:39:18
================================================================================
[2024-09-16T03:40:01.589+0000] {manager.py:879} INFO - 
================================================================================
DAG File Processing Stats

File Path                              PID  Runtime      # DAGs    # Errors  Last Runtime    Last Run
-----------------------------------  -----  ---------  --------  ----------  --------------  -------------------
/opt/airflow/dags/P2M3_Intan_DAG.py    193  12.28s            1           0  6.13s           2024-09-16T03:39:18
================================================================================
[2024-09-16T03:40:32.033+0000] {manager.py:879} INFO - 
================================================================================
DAG File Processing Stats

File Path                            PID    Runtime      # DAGs    # Errors  Last Runtime    Last Run
-----------------------------------  -----  ---------  --------  ----------  --------------  -------------------
/opt/airflow/dags/P2M3_Intan_DAG.py                           1           0  30.71s          2024-09-16T03:40:19
================================================================================
[2024-09-16T03:41:02.691+0000] {manager.py:879} INFO - 
================================================================================
DAG File Processing Stats

File Path                            PID    Runtime      # DAGs    # Errors  Last Runtime    Last Run
-----------------------------------  -----  ---------  --------  ----------  --------------  -------------------
/opt/airflow/dags/P2M3_Intan_DAG.py                           1           0  4.36s           2024-09-16T03:40:54
================================================================================
[2024-09-16T03:41:33.174+0000] {manager.py:879} INFO - 
================================================================================
DAG File Processing Stats

File Path                            PID    Runtime      # DAGs    # Errors  Last Runtime    Last Run
-----------------------------------  -----  ---------  --------  ----------  --------------  -------------------
/opt/airflow/dags/P2M3_Intan_DAG.py                           1           0  2.10s           2024-09-16T03:41:27
================================================================================
[2024-09-16T03:42:03.559+0000] {manager.py:879} INFO - 
================================================================================
DAG File Processing Stats

File Path                            PID    Runtime      # DAGs    # Errors  Last Runtime    Last Run
-----------------------------------  -----  ---------  --------  ----------  --------------  -------------------
/opt/airflow/dags/P2M3_Intan_DAG.py                           1           0  4.91s           2024-09-16T03:42:02
================================================================================
[2024-09-16T03:42:33.808+0000] {manager.py:879} INFO - 
================================================================================
DAG File Processing Stats

File Path                              PID  Runtime      # DAGs    # Errors  Last Runtime    Last Run
-----------------------------------  -----  ---------  --------  ----------  --------------  -------------------
/opt/airflow/dags/P2M3_Intan_DAG.py    217  1.01s             1           0  4.91s           2024-09-16T03:42:02
================================================================================
[2024-09-16T03:42:59.520+0000] {manager.py:738} INFO - Searching for files in /opt/airflow/dags
[2024-09-16T03:42:59.562+0000] {manager.py:741} INFO - There are 1 files in /opt/airflow/dags
[2024-09-16T03:43:04.042+0000] {manager.py:879} INFO - 
================================================================================
DAG File Processing Stats

File Path                            PID    Runtime      # DAGs    # Errors  Last Runtime    Last Run
-----------------------------------  -----  ---------  --------  ----------  --------------  -------------------
/opt/airflow/dags/P2M3_Intan_DAG.py                           1           0  1.50s           2024-09-16T03:42:34
================================================================================
[2024-09-16T03:43:34.593+0000] {manager.py:879} INFO - 
================================================================================
DAG File Processing Stats

File Path                            PID    Runtime      # DAGs    # Errors  Last Runtime    Last Run
-----------------------------------  -----  ---------  --------  ----------  --------------  -------------------
/opt/airflow/dags/P2M3_Intan_DAG.py                           1           0  1.72s           2024-09-16T03:43:06
================================================================================
[2024-09-16T03:44:04.794+0000] {manager.py:879} INFO - 
================================================================================
DAG File Processing Stats

File Path                            PID    Runtime      # DAGs    # Errors  Last Runtime    Last Run
-----------------------------------  -----  ---------  --------  ----------  --------------  -------------------
/opt/airflow/dags/P2M3_Intan_DAG.py                           1           0  4.04s           2024-09-16T03:43:40
================================================================================
[2024-09-16T03:44:34.954+0000] {manager.py:879} INFO - 
================================================================================
DAG File Processing Stats

File Path                            PID    Runtime      # DAGs    # Errors  Last Runtime    Last Run
-----------------------------------  -----  ---------  --------  ----------  --------------  -------------------
/opt/airflow/dags/P2M3_Intan_DAG.py                           1           0  1.84s           2024-09-16T03:44:12
================================================================================
[2024-09-16T03:45:05.382+0000] {manager.py:879} INFO - 
================================================================================
DAG File Processing Stats

File Path                            PID    Runtime      # DAGs    # Errors  Last Runtime    Last Run
-----------------------------------  -----  ---------  --------  ----------  --------------  -------------------
/opt/airflow/dags/P2M3_Intan_DAG.py                           1           0  1.00s           2024-09-16T03:44:44
================================================================================
[2024-09-16T03:45:35.890+0000] {manager.py:879} INFO - 
================================================================================
DAG File Processing Stats

File Path                            PID    Runtime      # DAGs    # Errors  Last Runtime    Last Run
-----------------------------------  -----  ---------  --------  ----------  --------------  -------------------
/opt/airflow/dags/P2M3_Intan_DAG.py                           1           0  1.22s           2024-09-16T03:45:15
================================================================================
[2024-09-16T03:46:06.140+0000] {manager.py:879} INFO - 
================================================================================
DAG File Processing Stats

File Path                            PID    Runtime      # DAGs    # Errors  Last Runtime    Last Run
-----------------------------------  -----  ---------  --------  ----------  --------------  -------------------
/opt/airflow/dags/P2M3_Intan_DAG.py                           1           0  2.84s           2024-09-16T03:45:48
================================================================================
[2024-09-16T03:46:36.571+0000] {manager.py:879} INFO - 
================================================================================
DAG File Processing Stats

File Path                            PID    Runtime      # DAGs    # Errors  Last Runtime    Last Run
-----------------------------------  -----  ---------  --------  ----------  --------------  -------------------
/opt/airflow/dags/P2M3_Intan_DAG.py                           1           0  1.30s           2024-09-16T03:46:20
================================================================================
[2024-09-16T03:47:07.054+0000] {manager.py:879} INFO - 
================================================================================
DAG File Processing Stats

File Path                            PID    Runtime      # DAGs    # Errors  Last Runtime    Last Run
-----------------------------------  -----  ---------  --------  ----------  --------------  -------------------
/opt/airflow/dags/P2M3_Intan_DAG.py                           1           0  1.62s           2024-09-16T03:46:52
================================================================================
[2024-09-16T03:47:37.701+0000] {manager.py:879} INFO - 
================================================================================
DAG File Processing Stats

File Path                            PID    Runtime      # DAGs    # Errors  Last Runtime    Last Run
-----------------------------------  -----  ---------  --------  ----------  --------------  -------------------
/opt/airflow/dags/P2M3_Intan_DAG.py                           1           0  1.30s           2024-09-16T03:47:24
================================================================================
[2024-09-16T03:48:00.130+0000] {manager.py:738} INFO - Searching for files in /opt/airflow/dags
[2024-09-16T03:48:00.149+0000] {manager.py:741} INFO - There are 1 files in /opt/airflow/dags
[2024-09-16T03:48:08.214+0000] {manager.py:879} INFO - 
================================================================================
DAG File Processing Stats

File Path                            PID    Runtime      # DAGs    # Errors  Last Runtime    Last Run
-----------------------------------  -----  ---------  --------  ----------  --------------  -------------------
/opt/airflow/dags/P2M3_Intan_DAG.py                           1           0  1.40s           2024-09-16T03:47:56
================================================================================
[2024-09-16T03:48:38.658+0000] {manager.py:879} INFO - 
================================================================================
DAG File Processing Stats

File Path                            PID    Runtime      # DAGs    # Errors  Last Runtime    Last Run
-----------------------------------  -----  ---------  --------  ----------  --------------  -------------------
/opt/airflow/dags/P2M3_Intan_DAG.py                           1           0  1.46s           2024-09-16T03:48:27
================================================================================
[2024-09-16T03:49:09.178+0000] {manager.py:879} INFO - 
================================================================================
DAG File Processing Stats

File Path                            PID    Runtime      # DAGs    # Errors  Last Runtime    Last Run
-----------------------------------  -----  ---------  --------  ----------  --------------  -------------------
/opt/airflow/dags/P2M3_Intan_DAG.py                           1           0  1.55s           2024-09-16T03:48:59
================================================================================
[2024-09-16T03:49:39.455+0000] {manager.py:879} INFO - 
================================================================================
DAG File Processing Stats

File Path                            PID    Runtime      # DAGs    # Errors  Last Runtime    Last Run
-----------------------------------  -----  ---------  --------  ----------  --------------  -------------------
/opt/airflow/dags/P2M3_Intan_DAG.py                           1           0  3.28s           2024-09-16T03:49:33
================================================================================
[2024-09-16T03:50:09.999+0000] {manager.py:879} INFO - 
================================================================================
DAG File Processing Stats

File Path                            PID    Runtime      # DAGs    # Errors  Last Runtime    Last Run
-----------------------------------  -----  ---------  --------  ----------  --------------  -------------------
/opt/airflow/dags/P2M3_Intan_DAG.py                           1           0  2.40s           2024-09-16T03:50:06
================================================================================
[2024-09-16T03:50:40.280+0000] {manager.py:879} INFO - 
================================================================================
DAG File Processing Stats

File Path                            PID    Runtime      # DAGs    # Errors  Last Runtime    Last Run
-----------------------------------  -----  ---------  --------  ----------  --------------  -------------------
/opt/airflow/dags/P2M3_Intan_DAG.py                           1           0  3.02s           2024-09-16T03:50:39
================================================================================
[2024-09-16T03:51:10.486+0000] {manager.py:879} INFO - 
================================================================================
DAG File Processing Stats

File Path                              PID  Runtime      # DAGs    # Errors  Last Runtime    Last Run
-----------------------------------  -----  ---------  --------  ----------  --------------  -------------------
/opt/airflow/dags/P2M3_Intan_DAG.py    316  0.47s             1           0  3.02s           2024-09-16T03:50:39
================================================================================
[2024-09-16T03:51:40.684+0000] {manager.py:879} INFO - 
================================================================================
DAG File Processing Stats

File Path                            PID    Runtime      # DAGs    # Errors  Last Runtime    Last Run
-----------------------------------  -----  ---------  --------  ----------  --------------  -------------------
/opt/airflow/dags/P2M3_Intan_DAG.py                           1           0  3.91s           2024-09-16T03:51:13
================================================================================
[2024-09-16T03:52:11.414+0000] {manager.py:879} INFO - 
================================================================================
DAG File Processing Stats

File Path                            PID    Runtime      # DAGs    # Errors  Last Runtime    Last Run
-----------------------------------  -----  ---------  --------  ----------  --------------  -------------------
/opt/airflow/dags/P2M3_Intan_DAG.py                           1           0  1.18s           2024-09-16T03:51:45
================================================================================
[2024-09-16T03:52:41.814+0000] {manager.py:879} INFO - 
================================================================================
DAG File Processing Stats

File Path                            PID    Runtime      # DAGs    # Errors  Last Runtime    Last Run
-----------------------------------  -----  ---------  --------  ----------  --------------  -------------------
/opt/airflow/dags/P2M3_Intan_DAG.py                           1           0  1.42s           2024-09-16T03:52:16
================================================================================
[2024-09-16T03:53:00.261+0000] {manager.py:738} INFO - Searching for files in /opt/airflow/dags
[2024-09-16T03:53:00.278+0000] {manager.py:741} INFO - There are 1 files in /opt/airflow/dags
[2024-09-16T03:53:12.709+0000] {manager.py:879} INFO - 
================================================================================
DAG File Processing Stats

File Path                            PID    Runtime      # DAGs    # Errors  Last Runtime    Last Run
-----------------------------------  -----  ---------  --------  ----------  --------------  -------------------
/opt/airflow/dags/P2M3_Intan_DAG.py                           1           0  1.21s           2024-09-16T03:52:48
================================================================================
[2024-09-16T03:53:42.932+0000] {manager.py:879} INFO - 
================================================================================
DAG File Processing Stats

File Path                            PID    Runtime      # DAGs    # Errors  Last Runtime    Last Run
-----------------------------------  -----  ---------  --------  ----------  --------------  -------------------
/opt/airflow/dags/P2M3_Intan_DAG.py                           1           0  1.29s           2024-09-16T03:53:20
================================================================================
[2024-09-16T03:54:12.930+0000] {manager.py:879} INFO - 
================================================================================
DAG File Processing Stats

File Path                            PID    Runtime      # DAGs    # Errors  Last Runtime    Last Run
-----------------------------------  -----  ---------  --------  ----------  --------------  -------------------
/opt/airflow/dags/P2M3_Intan_DAG.py                           1           0  1.41s           2024-09-16T03:53:51
================================================================================
[2024-09-16T03:54:43.623+0000] {manager.py:879} INFO - 
================================================================================
DAG File Processing Stats

File Path                            PID    Runtime      # DAGs    # Errors  Last Runtime    Last Run
-----------------------------------  -----  ---------  --------  ----------  --------------  -------------------
/opt/airflow/dags/P2M3_Intan_DAG.py                           1           0  1.40s           2024-09-16T03:54:23
================================================================================
[2024-09-16T03:55:14.133+0000] {manager.py:879} INFO - 
================================================================================
DAG File Processing Stats

File Path                            PID    Runtime      # DAGs    # Errors  Last Runtime    Last Run
-----------------------------------  -----  ---------  --------  ----------  --------------  -------------------
/opt/airflow/dags/P2M3_Intan_DAG.py                           1           0  1.04s           2024-09-16T03:54:54
================================================================================
[2024-09-16T03:55:44.446+0000] {manager.py:879} INFO - 
================================================================================
DAG File Processing Stats

File Path                            PID    Runtime      # DAGs    # Errors  Last Runtime    Last Run
-----------------------------------  -----  ---------  --------  ----------  --------------  -------------------
/opt/airflow/dags/P2M3_Intan_DAG.py                           1           0  1.66s           2024-09-16T03:55:26
================================================================================
[2024-09-16T03:56:05.038+0000] {manager.py:451} INFO - Exiting gracefully upon receiving signal 15
[2024-09-16T04:01:34.381+0000] {manager.py:469} INFO - Processing files using up to 2 processes at a time 
[2024-09-16T04:01:34.672+0000] {manager.py:470} INFO - Process each file at most once every 30 seconds
[2024-09-16T04:01:34.673+0000] {manager.py:471} INFO - Checking for new files in /opt/airflow/dags every 300 seconds
[2024-09-16T04:01:34.685+0000] {manager.py:738} INFO - Searching for files in /opt/airflow/dags
[2024-09-16T04:01:34.780+0000] {manager.py:741} INFO - There are 1 files in /opt/airflow/dags
[2024-09-16T04:01:36.154+0000] {manager.py:879} INFO - 
================================================================================
DAG File Processing Stats

File Path                              PID  Runtime      # DAGs    # Errors  Last Runtime    Last Run
-----------------------------------  -----  ---------  --------  ----------  --------------  ----------
/opt/airflow/dags/P2M3_Intan_DAG.py    174  0.91s             0           0
================================================================================
[2024-09-16T04:02:06.423+0000] {manager.py:879} INFO - 
================================================================================
DAG File Processing Stats

File Path                            PID    Runtime      # DAGs    # Errors  Last Runtime    Last Run
-----------------------------------  -----  ---------  --------  ----------  --------------  -------------------
/opt/airflow/dags/P2M3_Intan_DAG.py                           1           0  10.91s          2024-09-16T04:01:45
================================================================================
[2024-09-16T04:02:36.553+0000] {manager.py:879} INFO - 
================================================================================
DAG File Processing Stats

File Path                            PID    Runtime      # DAGs    # Errors  Last Runtime    Last Run
-----------------------------------  -----  ---------  --------  ----------  --------------  -------------------
/opt/airflow/dags/P2M3_Intan_DAG.py                           1           0  2.44s           2024-09-16T04:02:18
================================================================================
[2024-09-16T04:03:07.184+0000] {manager.py:879} INFO - 
================================================================================
DAG File Processing Stats

File Path                            PID    Runtime      # DAGs    # Errors  Last Runtime    Last Run
-----------------------------------  -----  ---------  --------  ----------  --------------  -------------------
/opt/airflow/dags/P2M3_Intan_DAG.py                           1           0  6.32s           2024-09-16T04:02:55
================================================================================
[2024-09-16T04:03:37.528+0000] {manager.py:879} INFO - 
================================================================================
DAG File Processing Stats

File Path                            PID    Runtime      # DAGs    # Errors  Last Runtime    Last Run
-----------------------------------  -----  ---------  --------  ----------  --------------  -------------------
/opt/airflow/dags/P2M3_Intan_DAG.py                           1           0  11.99s          2024-09-16T04:03:37
================================================================================
[2024-09-16T04:04:07.836+0000] {manager.py:879} INFO - 
================================================================================
DAG File Processing Stats

File Path                              PID  Runtime      # DAGs    # Errors  Last Runtime    Last Run
-----------------------------------  -----  ---------  --------  ----------  --------------  -------------------
/opt/airflow/dags/P2M3_Intan_DAG.py    198  0.00s             1           0  11.99s          2024-09-16T04:03:37
================================================================================
[2024-09-16T04:04:38.204+0000] {manager.py:879} INFO - 
================================================================================
DAG File Processing Stats

File Path                            PID    Runtime      # DAGs    # Errors  Last Runtime    Last Run
-----------------------------------  -----  ---------  --------  ----------  --------------  -------------------
/opt/airflow/dags/P2M3_Intan_DAG.py                           1           0  2.37s           2024-09-16T04:04:10
================================================================================
[2024-09-16T04:05:08.962+0000] {manager.py:879} INFO - 
================================================================================
DAG File Processing Stats

File Path                            PID    Runtime      # DAGs    # Errors  Last Runtime    Last Run
-----------------------------------  -----  ---------  --------  ----------  --------------  -------------------
/opt/airflow/dags/P2M3_Intan_DAG.py                           1           0  1.14s           2024-09-16T04:04:41
================================================================================
[2024-09-16T04:05:39.264+0000] {manager.py:879} INFO - 
================================================================================
DAG File Processing Stats

File Path                            PID    Runtime      # DAGs    # Errors  Last Runtime    Last Run
-----------------------------------  -----  ---------  --------  ----------  --------------  -------------------
/opt/airflow/dags/P2M3_Intan_DAG.py                           1           0  1.73s           2024-09-16T04:05:13
================================================================================
[2024-09-16T04:06:09.612+0000] {manager.py:879} INFO - 
================================================================================
DAG File Processing Stats

File Path                            PID    Runtime      # DAGs    # Errors  Last Runtime    Last Run
-----------------------------------  -----  ---------  --------  ----------  --------------  -------------------
/opt/airflow/dags/P2M3_Intan_DAG.py                           1           0  2.77s           2024-09-16T04:05:46
================================================================================
[2024-09-16T04:06:35.182+0000] {manager.py:738} INFO - Searching for files in /opt/airflow/dags
[2024-09-16T04:06:35.209+0000] {manager.py:741} INFO - There are 1 files in /opt/airflow/dags
[2024-09-16T04:06:40.324+0000] {manager.py:879} INFO - 
================================================================================
DAG File Processing Stats

File Path                            PID    Runtime      # DAGs    # Errors  Last Runtime    Last Run
-----------------------------------  -----  ---------  --------  ----------  --------------  -------------------
/opt/airflow/dags/P2M3_Intan_DAG.py                           1           0  15.41s          2024-09-16T04:06:32
================================================================================
[2024-09-16T04:07:10.743+0000] {manager.py:879} INFO - 
================================================================================
DAG File Processing Stats

File Path                            PID    Runtime      # DAGs    # Errors  Last Runtime    Last Run
-----------------------------------  -----  ---------  --------  ----------  --------------  -------------------
/opt/airflow/dags/P2M3_Intan_DAG.py                           1           0  3.40s           2024-09-16T04:07:05
================================================================================
[2024-09-16T04:07:41.210+0000] {manager.py:879} INFO - 
================================================================================
DAG File Processing Stats

File Path                            PID    Runtime      # DAGs    # Errors  Last Runtime    Last Run
-----------------------------------  -----  ---------  --------  ----------  --------------  -------------------
/opt/airflow/dags/P2M3_Intan_DAG.py                           1           0  1.16s           2024-09-16T04:07:37
================================================================================
[2024-09-16T04:08:11.557+0000] {manager.py:879} INFO - 
================================================================================
DAG File Processing Stats

File Path                            PID    Runtime      # DAGs    # Errors  Last Runtime    Last Run
-----------------------------------  -----  ---------  --------  ----------  --------------  -------------------
/opt/airflow/dags/P2M3_Intan_DAG.py                           1           0  1.50s           2024-09-16T04:08:08
================================================================================
[2024-09-16T04:08:41.662+0000] {manager.py:879} INFO - 
================================================================================
DAG File Processing Stats

File Path                            PID    Runtime      # DAGs    # Errors  Last Runtime    Last Run
-----------------------------------  -----  ---------  --------  ----------  --------------  -------------------
/opt/airflow/dags/P2M3_Intan_DAG.py                           1           0  2.49s           2024-09-16T04:08:41
================================================================================
[2024-09-16T04:09:11.772+0000] {manager.py:879} INFO - 
================================================================================
DAG File Processing Stats

File Path                              PID  Runtime      # DAGs    # Errors  Last Runtime    Last Run
-----------------------------------  -----  ---------  --------  ----------  --------------  -------------------
/opt/airflow/dags/P2M3_Intan_DAG.py    261  0.02s             1           0  2.49s           2024-09-16T04:08:41
================================================================================
[2024-09-16T04:10:02.204+0000] {manager.py:1201} ERROR - Processor for /opt/airflow/dags/P2M3_Intan_DAG.py with PID 261 started at 2024-09-16T04:09:11.752977+00:00 has timed out, killing it.
[2024-09-16T04:10:12.059+0000] {manager.py:879} INFO - 
================================================================================
DAG File Processing Stats

File Path                            PID    Runtime      # DAGs    # Errors  Last Runtime    Last Run
-----------------------------------  -----  ---------  --------  ----------  --------------  -------------------
/opt/airflow/dags/P2M3_Intan_DAG.py                           0           1  50.45s          2024-09-16T04:10:02
================================================================================
[2024-09-16T04:11:27.531+0000] {manager.py:879} INFO - 
================================================================================
DAG File Processing Stats

File Path                              PID  Runtime      # DAGs    # Errors  Last Runtime    Last Run
-----------------------------------  -----  ---------  --------  ----------  --------------  -------------------
/opt/airflow/dags/P2M3_Intan_DAG.py    269  19.84s            0           1  50.45s          2024-09-16T04:10:02
================================================================================
[2024-09-16T04:11:35.636+0000] {manager.py:738} INFO - Searching for files in /opt/airflow/dags
[2024-09-16T04:11:35.679+0000] {manager.py:741} INFO - There are 1 files in /opt/airflow/dags
[2024-09-16T04:11:58.003+0000] {manager.py:879} INFO - 
================================================================================
DAG File Processing Stats

File Path                            PID    Runtime      # DAGs    # Errors  Last Runtime    Last Run
-----------------------------------  -----  ---------  --------  ----------  --------------  -------------------
/opt/airflow/dags/P2M3_Intan_DAG.py                           1           0  22.09s          2024-09-16T04:11:29
================================================================================
[2024-09-16T04:12:28.189+0000] {manager.py:879} INFO - 
================================================================================
DAG File Processing Stats

File Path                            PID    Runtime      # DAGs    # Errors  Last Runtime    Last Run
-----------------------------------  -----  ---------  --------  ----------  --------------  -------------------
/opt/airflow/dags/P2M3_Intan_DAG.py                           1           0  10.50s          2024-09-16T04:12:10
================================================================================
[2024-09-16T04:12:58.618+0000] {manager.py:879} INFO - 
================================================================================
DAG File Processing Stats

File Path                            PID    Runtime      # DAGs    # Errors  Last Runtime    Last Run
-----------------------------------  -----  ---------  --------  ----------  --------------  -------------------
/opt/airflow/dags/P2M3_Intan_DAG.py                           1           0  2.21s           2024-09-16T04:12:43
================================================================================
[2024-09-16T04:13:28.955+0000] {manager.py:879} INFO - 
================================================================================
DAG File Processing Stats

File Path                            PID    Runtime      # DAGs    # Errors  Last Runtime    Last Run
-----------------------------------  -----  ---------  --------  ----------  --------------  -------------------
/opt/airflow/dags/P2M3_Intan_DAG.py                           1           0  1.24s           2024-09-16T04:13:15
================================================================================
[2024-09-16T04:13:59.389+0000] {manager.py:879} INFO - 
================================================================================
DAG File Processing Stats

File Path                            PID    Runtime      # DAGs    # Errors  Last Runtime    Last Run
-----------------------------------  -----  ---------  --------  ----------  --------------  -------------------
/opt/airflow/dags/P2M3_Intan_DAG.py                           1           0  8.35s           2024-09-16T04:13:53
================================================================================
[2024-09-16T04:14:00.252+0000] {manager.py:451} INFO - Exiting gracefully upon receiving signal 15
